{"/Users/mohamed/Documents/HomeWork/MERN/Coursera-Clone/Backend/app.js": {"path":"/Users/mohamed/Documents/HomeWork/MERN/Coursera-Clone/Backend/app.js","statementMap":{"0":{"start":{"line":1,"column":13},"end":{"line":1,"column":28}},"1":{"start":{"line":2,"column":13},"end":{"line":2,"column":28}},"2":{"start":{"line":3,"column":0},"end":{"line":3,"column":26}},"3":{"start":{"line":5,"column":14},"end":{"line":5,"column":30}},"4":{"start":{"line":6,"column":17},"end":{"line":6,"column":36}},"5":{"start":{"line":8,"column":16},"end":{"line":8,"column":34}},"6":{"start":{"line":9,"column":19},"end":{"line":9,"column":41}},"7":{"start":{"line":11,"column":17},"end":{"line":11,"column":37}},"8":{"start":{"line":13,"column":15},"end":{"line":13,"column":41}},"9":{"start":{"line":15,"column":19},"end":{"line":15,"column":43}},"10":{"start":{"line":16,"column":20},"end":{"line":16,"column":47}},"11":{"start":{"line":17,"column":18},"end":{"line":17,"column":46}},"12":{"start":{"line":18,"column":19},"end":{"line":18,"column":49}},"13":{"start":{"line":19,"column":18},"end":{"line":19,"column":44}},"14":{"start":{"line":23,"column":19},"end":{"line":23,"column":32}},"15":{"start":{"line":24,"column":12},"end":{"line":24,"column":21}},"16":{"start":{"line":25,"column":15},"end":{"line":25,"column":37}},"17":{"start":{"line":26,"column":11},"end":{"line":26,"column":27}},"18":{"start":{"line":34,"column":0},"end":{"line":136,"column":2}},"19":{"start":{"line":37,"column":2},"end":{"line":98,"column":4}},"20":{"start":{"line":38,"column":4},"end":{"line":38,"column":38}},"21":{"start":{"line":39,"column":16},"end":{"line":39,"column":21}},"22":{"start":{"line":40,"column":14},"end":{"line":40,"column":32}},"23":{"start":{"line":43,"column":4},"end":{"line":95,"column":5}},"24":{"start":{"line":44,"column":6},"end":{"line":85,"column":7}},"25":{"start":{"line":45,"column":8},"end":{"line":84,"column":9}},"26":{"start":{"line":46,"column":10},"end":{"line":46,"column":24}},"27":{"start":{"line":49,"column":10},"end":{"line":49,"column":52}},"28":{"start":{"line":50,"column":24},"end":{"line":50,"column":26}},"29":{"start":{"line":52,"column":10},"end":{"line":62,"column":12}},"30":{"start":{"line":53,"column":14},"end":{"line":53,"column":36}},"31":{"start":{"line":54,"column":14},"end":{"line":54,"column":32}},"32":{"start":{"line":56,"column":14},"end":{"line":60,"column":15}},"33":{"start":{"line":57,"column":16},"end":{"line":57,"column":46}},"34":{"start":{"line":58,"column":16},"end":{"line":58,"column":51}},"35":{"start":{"line":59,"column":16},"end":{"line":59,"column":49}},"36":{"start":{"line":63,"column":10},"end":{"line":63,"column":28}},"37":{"start":{"line":65,"column":10},"end":{"line":71,"column":11}},"38":{"start":{"line":66,"column":16},"end":{"line":66,"column":29}},"39":{"start":{"line":67,"column":16},"end":{"line":67,"column":39}},"40":{"start":{"line":68,"column":16},"end":{"line":68,"column":41}},"41":{"start":{"line":69,"column":16},"end":{"line":69,"column":46}},"42":{"start":{"line":73,"column":10},"end":{"line":73,"column":72}},"43":{"start":{"line":74,"column":10},"end":{"line":74,"column":27}},"44":{"start":{"line":75,"column":10},"end":{"line":80,"column":11}},"45":{"start":{"line":82,"column":10},"end":{"line":82,"column":165}},"46":{"start":{"line":83,"column":10},"end":{"line":83,"column":24}},"47":{"start":{"line":88,"column":6},"end":{"line":94,"column":9}},"48":{"start":{"line":89,"column":8},"end":{"line":93,"column":9}},"49":{"start":{"line":90,"column":8},"end":{"line":90,"column":22}},"50":{"start":{"line":92,"column":10},"end":{"line":92,"column":52}},"51":{"start":{"line":97,"column":4},"end":{"line":97,"column":14}},"52":{"start":{"line":100,"column":2},"end":{"line":131,"column":4}},"53":{"start":{"line":102,"column":17},"end":{"line":102,"column":72}},"54":{"start":{"line":104,"column":4},"end":{"line":121,"column":4}},"55":{"start":{"line":105,"column":6},"end":{"line":111,"column":5}},"56":{"start":{"line":106,"column":8},"end":{"line":110,"column":9}},"57":{"start":{"line":107,"column":8},"end":{"line":107,"column":21}},"58":{"start":{"line":109,"column":10},"end":{"line":109,"column":39}},"59":{"start":{"line":114,"column":6},"end":{"line":120,"column":9}},"60":{"start":{"line":115,"column":8},"end":{"line":119,"column":9}},"61":{"start":{"line":116,"column":8},"end":{"line":116,"column":21}},"62":{"start":{"line":118,"column":10},"end":{"line":118,"column":38}},"63":{"start":{"line":122,"column":4},"end":{"line":127,"column":6}},"64":{"start":{"line":123,"column":6},"end":{"line":123,"column":41}},"65":{"start":{"line":124,"column":6},"end":{"line":126,"column":7}},"66":{"start":{"line":125,"column":8},"end":{"line":125,"column":24}},"67":{"start":{"line":128,"column":4},"end":{"line":128,"column":68}},"68":{"start":{"line":129,"column":4},"end":{"line":129,"column":83}},"69":{"start":{"line":130,"column":4},"end":{"line":130,"column":14}},"70":{"start":{"line":133,"column":2},"end":{"line":135,"column":4}},"71":{"start":{"line":134,"column":4},"end":{"line":134,"column":31}},"72":{"start":{"line":140,"column":0},"end":{"line":140,"column":27}},"73":{"start":{"line":141,"column":0},"end":{"line":141,"column":56}},"74":{"start":{"line":142,"column":0},"end":{"line":142,"column":66}},"75":{"start":{"line":143,"column":0},"end":{"line":143,"column":66}},"76":{"start":{"line":144,"column":0},"end":{"line":144,"column":63}},"77":{"start":{"line":146,"column":0},"end":{"line":151,"column":2}},"78":{"start":{"line":147,"column":2},"end":{"line":147,"column":51}},"79":{"start":{"line":148,"column":2},"end":{"line":148,"column":84}},"80":{"start":{"line":149,"column":2},"end":{"line":149,"column":53}},"81":{"start":{"line":150,"column":2},"end":{"line":150,"column":9}},"82":{"start":{"line":154,"column":0},"end":{"line":154,"column":20}},"83":{"start":{"line":155,"column":0},"end":{"line":155,"column":23}},"84":{"start":{"line":156,"column":0},"end":{"line":156,"column":20}},"85":{"start":{"line":157,"column":0},"end":{"line":157,"column":22}},"86":{"start":{"line":158,"column":0},"end":{"line":158,"column":21}},"87":{"start":{"line":160,"column":0},"end":{"line":170,"column":1}},"88":{"start":{"line":161,"column":2},"end":{"line":169,"column":7}},"89":{"start":{"line":164,"column":10},"end":{"line":164,"column":30}},"90":{"start":{"line":165,"column":10},"end":{"line":165,"column":40}},"91":{"start":{"line":168,"column":6},"end":{"line":168,"column":23}},"92":{"start":{"line":172,"column":0},"end":{"line":172,"column":21}}},"fnMap":{"0":{"name":"(anonymous_0)","decl":{"start":{"line":34,"column":16},"end":{"line":34,"column":17}},"loc":{"start":{"line":34,"column":26},"end":{"line":136,"column":1}},"line":34},"1":{"name":"(anonymous_1)","decl":{"start":{"line":37,"column":19},"end":{"line":37,"column":20}},"loc":{"start":{"line":37,"column":54},"end":{"line":98,"column":3}},"line":37},"2":{"name":"(anonymous_2)","decl":{"start":{"line":44,"column":30},"end":{"line":44,"column":31}},"loc":{"start":{"line":44,"column":50},"end":{"line":85,"column":5}},"line":44},"3":{"name":"(anonymous_3)","decl":{"start":{"line":52,"column":25},"end":{"line":52,"column":26}},"loc":{"start":{"line":52,"column":31},"end":{"line":62,"column":11}},"line":52},"4":{"name":"(anonymous_4)","decl":{"start":{"line":88,"column":31},"end":{"line":88,"column":32}},"loc":{"start":{"line":88,"column":51},"end":{"line":94,"column":7}},"line":88},"5":{"name":"(anonymous_5)","decl":{"start":{"line":100,"column":26},"end":{"line":100,"column":27}},"loc":{"start":{"line":100,"column":69},"end":{"line":131,"column":3}},"line":100},"6":{"name":"(anonymous_6)","decl":{"start":{"line":105,"column":45},"end":{"line":105,"column":46}},"loc":{"start":{"line":105,"column":65},"end":{"line":111,"column":3}},"line":105},"7":{"name":"(anonymous_7)","decl":{"start":{"line":114,"column":46},"end":{"line":114,"column":47}},"loc":{"start":{"line":114,"column":66},"end":{"line":120,"column":7}},"line":114},"8":{"name":"(anonymous_8)","decl":{"start":{"line":122,"column":28},"end":{"line":122,"column":29}},"loc":{"start":{"line":122,"column":48},"end":{"line":127,"column":5}},"line":122},"9":{"name":"(anonymous_9)","decl":{"start":{"line":133,"column":25},"end":{"line":133,"column":26}},"loc":{"start":{"line":133,"column":29},"end":{"line":135,"column":3}},"line":133},"10":{"name":"(anonymous_10)","decl":{"start":{"line":146,"column":8},"end":{"line":146,"column":9}},"loc":{"start":{"line":146,"column":27},"end":{"line":151,"column":1}},"line":146},"11":{"name":"(anonymous_11)","decl":{"start":{"line":163,"column":10},"end":{"line":163,"column":11}},"loc":{"start":{"line":163,"column":15},"end":{"line":166,"column":7}},"line":163},"12":{"name":"(anonymous_12)","decl":{"start":{"line":167,"column":11},"end":{"line":167,"column":12}},"loc":{"start":{"line":167,"column":18},"end":{"line":169,"column":5}},"line":167}},"branchMap":{"0":{"loc":{"start":{"line":43,"column":4},"end":{"line":95,"column":5}},"type":"if","locations":[{"start":{"line":43,"column":4},"end":{"line":95,"column":5}},{"start":{"line":87,"column":9},"end":{"line":95,"column":5}}],"line":43},"1":{"loc":{"start":{"line":45,"column":8},"end":{"line":84,"column":9}},"type":"if","locations":[{"start":{"line":45,"column":8},"end":{"line":84,"column":9}},{"start":{"line":48,"column":12},"end":{"line":84,"column":9}}],"line":45},"2":{"loc":{"start":{"line":56,"column":14},"end":{"line":60,"column":15}},"type":"if","locations":[{"start":{"line":56,"column":14},"end":{"line":60,"column":15}},{"start":{},"end":{}}],"line":56},"3":{"loc":{"start":{"line":65,"column":10},"end":{"line":71,"column":11}},"type":"if","locations":[{"start":{"line":65,"column":10},"end":{"line":71,"column":11}},{"start":{},"end":{}}],"line":65},"4":{"loc":{"start":{"line":79,"column":18},"end":{"line":79,"column":104}},"type":"cond-expr","locations":[{"start":{"line":79,"column":28},"end":{"line":79,"column":63}},{"start":{"line":79,"column":64},"end":{"line":79,"column":104}}],"line":79},"5":{"loc":{"start":{"line":89,"column":8},"end":{"line":93,"column":9}},"type":"if","locations":[{"start":{"line":89,"column":8},"end":{"line":93,"column":9}},{"start":{"line":91,"column":12},"end":{"line":93,"column":9}}],"line":89},"6":{"loc":{"start":{"line":104,"column":4},"end":{"line":121,"column":4}},"type":"if","locations":[{"start":{"line":104,"column":4},"end":{"line":121,"column":4}},{"start":{"line":113,"column":10},"end":{"line":121,"column":4}}],"line":104},"7":{"loc":{"start":{"line":106,"column":8},"end":{"line":110,"column":9}},"type":"if","locations":[{"start":{"line":106,"column":8},"end":{"line":110,"column":9}},{"start":{"line":108,"column":12},"end":{"line":110,"column":9}}],"line":106},"8":{"loc":{"start":{"line":115,"column":8},"end":{"line":119,"column":9}},"type":"if","locations":[{"start":{"line":115,"column":8},"end":{"line":119,"column":9}},{"start":{"line":117,"column":12},"end":{"line":119,"column":9}}],"line":115},"9":{"loc":{"start":{"line":124,"column":6},"end":{"line":126,"column":7}},"type":"if","locations":[{"start":{"line":124,"column":6},"end":{"line":126,"column":7}},{"start":{},"end":{}}],"line":124},"10":{"loc":{"start":{"line":160,"column":0},"end":{"line":170,"column":1}},"type":"if","locations":[{"start":{"line":160,"column":0},"end":{"line":170,"column":1}},{"start":{},"end":{}}],"line":160}},"s":{"0":4,"1":4,"2":4,"3":4,"4":4,"5":4,"6":4,"7":4,"8":4,"9":4,"10":4,"11":4,"12":4,"13":4,"14":4,"15":4,"16":4,"17":4,"18":4,"19":0,"20":0,"21":0,"22":0,"23":0,"24":0,"25":0,"26":0,"27":0,"28":0,"29":0,"30":0,"31":0,"32":0,"33":0,"34":0,"35":0,"36":0,"37":0,"38":0,"39":0,"40":0,"41":0,"42":0,"43":0,"44":0,"45":0,"46":0,"47":0,"48":0,"49":0,"50":0,"51":0,"52":0,"53":0,"54":0,"55":0,"56":0,"57":0,"58":0,"59":0,"60":0,"61":0,"62":0,"63":0,"64":0,"65":0,"66":0,"67":0,"68":0,"69":0,"70":0,"71":0,"72":4,"73":4,"74":4,"75":4,"76":4,"77":4,"78":13,"79":13,"80":13,"81":13,"82":4,"83":4,"84":4,"85":4,"86":4,"87":4,"88":0,"89":0,"90":0,"91":0,"92":4},"f":{"0":0,"1":0,"2":0,"3":0,"4":0,"5":0,"6":0,"7":0,"8":0,"9":0,"10":13,"11":0,"12":0},"b":{"0":[0,0],"1":[0,0],"2":[0,0],"3":[0,0],"4":[0,0],"5":[0,0],"6":[0,0],"7":[0,0],"8":[0,0],"9":[0,0],"10":[0,4]},"_coverageSchema":"1a1c01bbd47fc00a2c39e90264f33305004495a9","hash":"31f7d915503af271021fdc48937199d478191355"}
,"/Users/mohamed/Documents/HomeWork/MERN/Coursera-Clone/Backend/Authentication/is-auth.js": {"path":"/Users/mohamed/Documents/HomeWork/MERN/Coursera-Clone/Backend/Authentication/is-auth.js","statementMap":{"0":{"start":{"line":1,"column":12},"end":{"line":1,"column":35}},"1":{"start":{"line":2,"column":16},"end":{"line":2,"column":43}},"2":{"start":{"line":4,"column":0},"end":{"line":42,"column":1}},"3":{"start":{"line":6,"column":22},"end":{"line":6,"column":50}},"4":{"start":{"line":9,"column":3},"end":{"line":40,"column":4}},"5":{"start":{"line":10,"column":20},"end":{"line":10,"column":50}},"6":{"start":{"line":11,"column":6},"end":{"line":11,"column":27}},"7":{"start":{"line":12,"column":6},"end":{"line":12,"column":57}},"8":{"start":{"line":16,"column":19},"end":{"line":16,"column":45}},"9":{"start":{"line":19,"column":6},"end":{"line":26,"column":7}},"10":{"start":{"line":20,"column":9},"end":{"line":20,"column":58}},"11":{"start":{"line":23,"column":9},"end":{"line":23,"column":30}},"12":{"start":{"line":24,"column":9},"end":{"line":24,"column":60}},"13":{"start":{"line":25,"column":9},"end":{"line":25,"column":19}},"14":{"start":{"line":28,"column":6},"end":{"line":33,"column":7}},"15":{"start":{"line":29,"column":22},"end":{"line":29,"column":53}},"16":{"start":{"line":30,"column":8},"end":{"line":30,"column":60}},"17":{"start":{"line":31,"column":8},"end":{"line":31,"column":31}},"18":{"start":{"line":32,"column":8},"end":{"line":32,"column":20}},"19":{"start":{"line":35,"column":6},"end":{"line":35,"column":36}},"20":{"start":{"line":36,"column":6},"end":{"line":36,"column":13}},"21":{"start":{"line":45,"column":0},"end":{"line":83,"column":4}},"22":{"start":{"line":47,"column":23},"end":{"line":47,"column":45}},"23":{"start":{"line":49,"column":3},"end":{"line":80,"column":7}},"24":{"start":{"line":50,"column":20},"end":{"line":50,"column":50}},"25":{"start":{"line":51,"column":6},"end":{"line":51,"column":27}},"26":{"start":{"line":52,"column":6},"end":{"line":52,"column":57}},"27":{"start":{"line":53,"column":6},"end":{"line":53,"column":18}},"28":{"start":{"line":56,"column":9},"end":{"line":76,"column":11}},"29":{"start":{"line":57,"column":12},"end":{"line":75,"column":16}},"30":{"start":{"line":58,"column":29},"end":{"line":58,"column":60}},"31":{"start":{"line":59,"column":15},"end":{"line":59,"column":67}},"32":{"start":{"line":60,"column":15},"end":{"line":60,"column":38}},"33":{"start":{"line":61,"column":15},"end":{"line":61,"column":27}},"34":{"start":{"line":64,"column":34},"end":{"line":67,"column":17}},"35":{"start":{"line":69,"column":38},"end":{"line":71,"column":55}},"36":{"start":{"line":73,"column":18},"end":{"line":74,"column":48}}},"fnMap":{"0":{"name":"(anonymous_0)","decl":{"start":{"line":4,"column":24},"end":{"line":4,"column":25}},"loc":{"start":{"line":4,"column":40},"end":{"line":42,"column":1}},"line":4},"1":{"name":"(anonymous_1)","decl":{"start":{"line":45,"column":28},"end":{"line":45,"column":29}},"loc":{"start":{"line":45,"column":39},"end":{"line":83,"column":4}},"line":45},"2":{"name":"(anonymous_2)","decl":{"start":{"line":56,"column":57},"end":{"line":56,"column":58}},"loc":{"start":{"line":56,"column":79},"end":{"line":76,"column":10}},"line":56}},"branchMap":{"0":{"loc":{"start":{"line":9,"column":3},"end":{"line":40,"column":4}},"type":"if","locations":[{"start":{"line":9,"column":3},"end":{"line":40,"column":4}},{"start":{"line":15,"column":7},"end":{"line":40,"column":4}}],"line":9},"1":{"loc":{"start":{"line":28,"column":6},"end":{"line":33,"column":7}},"type":"if","locations":[{"start":{"line":28,"column":6},"end":{"line":33,"column":7}},{"start":{},"end":{}}],"line":28},"2":{"loc":{"start":{"line":49,"column":3},"end":{"line":80,"column":7}},"type":"if","locations":[{"start":{"line":49,"column":3},"end":{"line":80,"column":7}},{"start":{"line":55,"column":7},"end":{"line":80,"column":7}}],"line":49},"3":{"loc":{"start":{"line":57,"column":12},"end":{"line":75,"column":16}},"type":"if","locations":[{"start":{"line":57,"column":12},"end":{"line":75,"column":16}},{"start":{"line":63,"column":16},"end":{"line":75,"column":16}}],"line":57}},"s":{"0":4,"1":4,"2":4,"3":6,"4":6,"5":0,"6":0,"7":0,"8":6,"9":6,"10":6,"11":6,"12":6,"13":6,"14":0,"15":0,"16":0,"17":0,"18":0,"19":0,"20":0,"21":4,"22":0,"23":0,"24":0,"25":0,"26":0,"27":0,"28":0,"29":0,"30":0,"31":0,"32":0,"33":0,"34":0,"35":0,"36":0},"f":{"0":6,"1":0,"2":0},"b":{"0":[0,6],"1":[0,0],"2":[0,0],"3":[0,0]},"_coverageSchema":"1a1c01bbd47fc00a2c39e90264f33305004495a9","hash":"ee48d13bf403468f691488caf1919dfb92763ee6"}
,"/Users/mohamed/Documents/HomeWork/MERN/Coursera-Clone/Backend/config/config.js": {"path":"/Users/mohamed/Documents/HomeWork/MERN/Coursera-Clone/Backend/config/config.js","statementMap":{"0":{"start":{"line":2,"column":0},"end":{"line":2,"column":42}},"1":{"start":{"line":5,"column":0},"end":{"line":5,"column":43}},"2":{"start":{"line":9,"column":0},"end":{"line":9,"column":52}},"3":{"start":{"line":10,"column":0},"end":{"line":10,"column":55}},"4":{"start":{"line":12,"column":0},"end":{"line":12,"column":54}},"5":{"start":{"line":13,"column":0},"end":{"line":13,"column":57}},"6":{"start":{"line":17,"column":0},"end":{"line":17,"column":43}},"7":{"start":{"line":18,"column":0},"end":{"line":18,"column":49}},"8":{"start":{"line":19,"column":0},"end":{"line":19,"column":40}},"9":{"start":{"line":22,"column":0},"end":{"line":22,"column":46}},"10":{"start":{"line":25,"column":0},"end":{"line":25,"column":56}}},"fnMap":{},"branchMap":{},"s":{"0":4,"1":4,"2":4,"3":4,"4":4,"5":4,"6":4,"7":4,"8":4,"9":4,"10":4},"f":{},"b":{},"_coverageSchema":"1a1c01bbd47fc00a2c39e90264f33305004495a9","hash":"a79af29a4b7eba886af01dbbcb08ed16b661a101"}
,"/Users/mohamed/Documents/HomeWork/MERN/Coursera-Clone/Backend/controllers/auth.js": {"path":"/Users/mohamed/Documents/HomeWork/MERN/Coursera-Clone/Backend/controllers/auth.js","statementMap":{"0":{"start":{"line":1,"column":15},"end":{"line":1,"column":34}},"1":{"start":{"line":2,"column":12},"end":{"line":2,"column":35}},"2":{"start":{"line":3,"column":13},"end":{"line":3,"column":37}},"3":{"start":{"line":4,"column":12},"end":{"line":4,"column":35}},"4":{"start":{"line":5,"column":17},"end":{"line":5,"column":38}},"5":{"start":{"line":6,"column":24},"end":{"line":6,"column":64}},"6":{"start":{"line":7,"column":25},"end":{"line":7,"column":53}},"7":{"start":{"line":8,"column":16},"end":{"line":8,"column":43}},"8":{"start":{"line":10,"column":19},"end":{"line":14,"column":3}},"9":{"start":{"line":17,"column":0},"end":{"line":72,"column":1}},"10":{"start":{"line":18,"column":16},"end":{"line":18,"column":30}},"11":{"start":{"line":19,"column":19},"end":{"line":19,"column":36}},"12":{"start":{"line":21,"column":15},"end":{"line":21,"column":28}},"13":{"start":{"line":23,"column":13},"end":{"line":23,"column":17}},"14":{"start":{"line":25,"column":4},"end":{"line":25,"column":21}},"15":{"start":{"line":27,"column":17},"end":{"line":27,"column":38}},"16":{"start":{"line":28,"column":4},"end":{"line":35,"column":5}},"17":{"start":{"line":29,"column":20},"end":{"line":29,"column":50}},"18":{"start":{"line":30,"column":8},"end":{"line":30,"column":29}},"19":{"start":{"line":31,"column":8},"end":{"line":31,"column":34}},"20":{"start":{"line":32,"column":8},"end":{"line":32,"column":35}},"21":{"start":{"line":33,"column":8},"end":{"line":33,"column":54}},"22":{"start":{"line":34,"column":8},"end":{"line":34,"column":20}},"23":{"start":{"line":37,"column":4},"end":{"line":69,"column":10}},"24":{"start":{"line":39,"column":28},"end":{"line":45,"column":18}},"25":{"start":{"line":46,"column":12},"end":{"line":46,"column":27}},"26":{"start":{"line":47,"column":12},"end":{"line":47,"column":56}},"27":{"start":{"line":50,"column":12},"end":{"line":50,"column":58}},"28":{"start":{"line":52,"column":22},"end":{"line":55,"column":18}},"29":{"start":{"line":57,"column":12},"end":{"line":57,"column":23}},"30":{"start":{"line":58,"column":12},"end":{"line":58,"column":28}},"31":{"start":{"line":59,"column":12},"end":{"line":59,"column":72}},"32":{"start":{"line":61,"column":12},"end":{"line":67,"column":14}},"33":{"start":{"line":68,"column":12},"end":{"line":68,"column":36}},"34":{"start":{"line":74,"column":0},"end":{"line":149,"column":1}},"35":{"start":{"line":75,"column":22},"end":{"line":75,"column":34}},"36":{"start":{"line":76,"column":16},"end":{"line":76,"column":30}},"37":{"start":{"line":79,"column":4},"end":{"line":79,"column":35}},"38":{"start":{"line":81,"column":4},"end":{"line":147,"column":9}},"39":{"start":{"line":83,"column":8},"end":{"line":95,"column":9}},"40":{"start":{"line":84,"column":26},"end":{"line":84,"column":82}},"41":{"start":{"line":85,"column":12},"end":{"line":85,"column":35}},"42":{"start":{"line":86,"column":12},"end":{"line":91,"column":14}},"43":{"start":{"line":92,"column":12},"end":{"line":92,"column":54}},"44":{"start":{"line":94,"column":12},"end":{"line":94,"column":24}},"45":{"start":{"line":98,"column":8},"end":{"line":138,"column":9}},"46":{"start":{"line":99,"column":26},"end":{"line":99,"column":56}},"47":{"start":{"line":100,"column":12},"end":{"line":100,"column":35}},"48":{"start":{"line":101,"column":12},"end":{"line":101,"column":68}},"49":{"start":{"line":102,"column":12},"end":{"line":107,"column":14}},"50":{"start":{"line":108,"column":12},"end":{"line":108,"column":24}},"51":{"start":{"line":112,"column":12},"end":{"line":137,"column":14}},"52":{"start":{"line":114,"column":16},"end":{"line":114,"column":37}},"53":{"start":{"line":116,"column":16},"end":{"line":116,"column":48}},"54":{"start":{"line":118,"column":35},"end":{"line":121,"column":18}},"55":{"start":{"line":122,"column":39},"end":{"line":124,"column":57}},"56":{"start":{"line":126,"column":16},"end":{"line":134,"column":18}},"57":{"start":{"line":127,"column":20},"end":{"line":133,"column":25}},"58":{"start":{"line":143,"column":8},"end":{"line":145,"column":9}},"59":{"start":{"line":144,"column":10},"end":{"line":144,"column":31}},"60":{"start":{"line":146,"column":8},"end":{"line":146,"column":18}},"61":{"start":{"line":152,"column":0},"end":{"line":197,"column":1}},"62":{"start":{"line":153,"column":16},"end":{"line":153,"column":30}},"63":{"start":{"line":154,"column":23},"end":{"line":154,"column":35}},"64":{"start":{"line":155,"column":13},"end":{"line":155,"column":17}},"65":{"start":{"line":157,"column":4},"end":{"line":196,"column":6}},"66":{"start":{"line":159,"column":8},"end":{"line":170,"column":9}},"67":{"start":{"line":160,"column":26},"end":{"line":160,"column":57}},"68":{"start":{"line":161,"column":12},"end":{"line":161,"column":35}},"69":{"start":{"line":162,"column":12},"end":{"line":167,"column":14}},"70":{"start":{"line":168,"column":12},"end":{"line":168,"column":69}},"71":{"start":{"line":169,"column":12},"end":{"line":169,"column":24}},"72":{"start":{"line":171,"column":8},"end":{"line":171,"column":54}},"73":{"start":{"line":173,"column":12},"end":{"line":173,"column":25}},"74":{"start":{"line":174,"column":12},"end":{"line":174,"column":24}},"75":{"start":{"line":175,"column":12},"end":{"line":175,"column":29}},"76":{"start":{"line":176,"column":12},"end":{"line":176,"column":72}},"77":{"start":{"line":179,"column":8},"end":{"line":185,"column":10}},"78":{"start":{"line":186,"column":8},"end":{"line":186,"column":32}},"79":{"start":{"line":190,"column":8},"end":{"line":195,"column":9}},"80":{"start":{"line":191,"column":12},"end":{"line":193,"column":15}},"81":{"start":{"line":192,"column":16},"end":{"line":192,"column":37}},"82":{"start":{"line":194,"column":14},"end":{"line":194,"column":24}},"83":{"start":{"line":201,"column":0},"end":{"line":308,"column":1}},"84":{"start":{"line":202,"column":16},"end":{"line":202,"column":30}},"85":{"start":{"line":203,"column":19},"end":{"line":203,"column":36}},"86":{"start":{"line":205,"column":17},"end":{"line":205,"column":38}},"87":{"start":{"line":207,"column":4},"end":{"line":214,"column":5}},"88":{"start":{"line":208,"column":20},"end":{"line":208,"column":50}},"89":{"start":{"line":209,"column":8},"end":{"line":209,"column":29}},"90":{"start":{"line":210,"column":8},"end":{"line":210,"column":34}},"91":{"start":{"line":211,"column":8},"end":{"line":211,"column":35}},"92":{"start":{"line":212,"column":8},"end":{"line":212,"column":76}},"93":{"start":{"line":213,"column":8},"end":{"line":213,"column":20}},"94":{"start":{"line":216,"column":4},"end":{"line":307,"column":6}},"95":{"start":{"line":219,"column":8},"end":{"line":306,"column":9}},"96":{"start":{"line":220,"column":12},"end":{"line":220,"column":46}},"97":{"start":{"line":222,"column":12},"end":{"line":222,"column":58}},"98":{"start":{"line":223,"column":12},"end":{"line":223,"column":36}},"99":{"start":{"line":224,"column":12},"end":{"line":270,"column":14}},"100":{"start":{"line":227,"column":20},"end":{"line":268,"column":21}},"101":{"start":{"line":228,"column":34},"end":{"line":231,"column":29}},"102":{"start":{"line":233,"column":24},"end":{"line":248,"column":26}},"103":{"start":{"line":235,"column":28},"end":{"line":241,"column":34}},"104":{"start":{"line":243,"column":33},"end":{"line":243,"column":62}},"105":{"start":{"line":244,"column":33},"end":{"line":247,"column":37}},"106":{"start":{"line":251,"column":24},"end":{"line":251,"column":37}},"107":{"start":{"line":252,"column":24},"end":{"line":267,"column":26}},"108":{"start":{"line":254,"column":28},"end":{"line":260,"column":34}},"109":{"start":{"line":262,"column":32},"end":{"line":262,"column":56}},"110":{"start":{"line":263,"column":32},"end":{"line":266,"column":35}},"111":{"start":{"line":276,"column":12},"end":{"line":305,"column":14}},"112":{"start":{"line":280,"column":20},"end":{"line":294,"column":21}},"113":{"start":{"line":281,"column":45},"end":{"line":283,"column":59}},"114":{"start":{"line":285,"column":47},"end":{"line":287,"column":65}},"115":{"start":{"line":289,"column":24},"end":{"line":289,"column":171}},"116":{"start":{"line":293,"column":24},"end":{"line":293,"column":85}},"117":{"start":{"line":299,"column":12},"end":{"line":304,"column":17}},"118":{"start":{"line":300,"column":16},"end":{"line":302,"column":17}},"119":{"start":{"line":301,"column":20},"end":{"line":301,"column":41}},"120":{"start":{"line":303,"column":16},"end":{"line":303,"column":26}},"121":{"start":{"line":310,"column":0},"end":{"line":354,"column":1}},"122":{"start":{"line":312,"column":18},"end":{"line":312,"column":32}},"123":{"start":{"line":313,"column":4},"end":{"line":313,"column":23}},"124":{"start":{"line":314,"column":12},"end":{"line":314,"column":58}},"125":{"start":{"line":316,"column":4},"end":{"line":353,"column":10}},"126":{"start":{"line":318,"column":8},"end":{"line":334,"column":9}},"127":{"start":{"line":319,"column":26},"end":{"line":319,"column":56}},"128":{"start":{"line":320,"column":12},"end":{"line":320,"column":35}},"129":{"start":{"line":321,"column":12},"end":{"line":321,"column":68}},"130":{"start":{"line":322,"column":12},"end":{"line":324,"column":41}},"131":{"start":{"line":325,"column":12},"end":{"line":325,"column":69}},"132":{"start":{"line":326,"column":12},"end":{"line":326,"column":24}},"133":{"start":{"line":329,"column":28},"end":{"line":332,"column":14}},"134":{"start":{"line":333,"column":13},"end":{"line":333,"column":27}},"135":{"start":{"line":338,"column":12},"end":{"line":343,"column":14}},"136":{"start":{"line":344,"column":12},"end":{"line":344,"column":42}},"137":{"start":{"line":345,"column":12},"end":{"line":345,"column":72}},"138":{"start":{"line":349,"column":12},"end":{"line":351,"column":15}},"139":{"start":{"line":350,"column":16},"end":{"line":350,"column":37}},"140":{"start":{"line":352,"column":12},"end":{"line":352,"column":22}},"141":{"start":{"line":357,"column":0},"end":{"line":391,"column":1}},"142":{"start":{"line":358,"column":16},"end":{"line":358,"column":30}},"143":{"start":{"line":359,"column":14},"end":{"line":359,"column":26}},"144":{"start":{"line":360,"column":4},"end":{"line":360,"column":31}},"145":{"start":{"line":362,"column":4},"end":{"line":390,"column":6}},"146":{"start":{"line":364,"column":8},"end":{"line":373,"column":9}},"147":{"start":{"line":365,"column":26},"end":{"line":365,"column":56}},"148":{"start":{"line":366,"column":12},"end":{"line":366,"column":35}},"149":{"start":{"line":367,"column":12},"end":{"line":367,"column":66}},"150":{"start":{"line":368,"column":12},"end":{"line":370,"column":41}},"151":{"start":{"line":371,"column":12},"end":{"line":371,"column":82}},"152":{"start":{"line":372,"column":12},"end":{"line":372,"column":24}},"153":{"start":{"line":375,"column":9},"end":{"line":383,"column":79}},"154":{"start":{"line":376,"column":12},"end":{"line":380,"column":14}},"155":{"start":{"line":378,"column":16},"end":{"line":378,"column":43}},"156":{"start":{"line":379,"column":16},"end":{"line":379,"column":31}},"157":{"start":{"line":381,"column":12},"end":{"line":381,"column":88}},"158":{"start":{"line":383,"column":13},"end":{"line":383,"column":79}},"159":{"start":{"line":386,"column":8},"end":{"line":388,"column":11}},"160":{"start":{"line":387,"column":12},"end":{"line":387,"column":33}},"161":{"start":{"line":389,"column":8},"end":{"line":389,"column":18}},"162":{"start":{"line":396,"column":0},"end":{"line":445,"column":1}},"163":{"start":{"line":397,"column":16},"end":{"line":397,"column":30}},"164":{"start":{"line":398,"column":24},"end":{"line":398,"column":44}},"165":{"start":{"line":399,"column":26},"end":{"line":399,"column":50}},"166":{"start":{"line":402,"column":4},"end":{"line":443,"column":6}},"167":{"start":{"line":405,"column":8},"end":{"line":416,"column":9}},"168":{"start":{"line":406,"column":26},"end":{"line":406,"column":73}},"169":{"start":{"line":407,"column":12},"end":{"line":407,"column":35}},"170":{"start":{"line":408,"column":12},"end":{"line":408,"column":84}},"171":{"start":{"line":409,"column":12},"end":{"line":411,"column":58}},"172":{"start":{"line":412,"column":12},"end":{"line":414,"column":17}},"173":{"start":{"line":415,"column":12},"end":{"line":415,"column":24}},"174":{"start":{"line":417,"column":8},"end":{"line":435,"column":9}},"175":{"start":{"line":418,"column":16},"end":{"line":418,"column":31}},"176":{"start":{"line":419,"column":16},"end":{"line":419,"column":46}},"177":{"start":{"line":420,"column":16},"end":{"line":429,"column":14}},"178":{"start":{"line":422,"column":16},"end":{"line":422,"column":50}},"179":{"start":{"line":423,"column":16},"end":{"line":423,"column":40}},"180":{"start":{"line":427,"column":16},"end":{"line":427,"column":44}},"181":{"start":{"line":428,"column":16},"end":{"line":428,"column":80}},"182":{"start":{"line":433,"column":12},"end":{"line":433,"column":57}},"183":{"start":{"line":434,"column":12},"end":{"line":434,"column":77}},"184":{"start":{"line":439,"column":8},"end":{"line":441,"column":11}},"185":{"start":{"line":440,"column":12},"end":{"line":440,"column":33}},"186":{"start":{"line":442,"column":8},"end":{"line":442,"column":18}}},"fnMap":{"0":{"name":"(anonymous_0)","decl":{"start":{"line":17,"column":17},"end":{"line":17,"column":18}},"loc":{"start":{"line":17,"column":28},"end":{"line":72,"column":1}},"line":17},"1":{"name":"(anonymous_1)","decl":{"start":{"line":38,"column":14},"end":{"line":38,"column":15}},"loc":{"start":{"line":38,"column":30},"end":{"line":60,"column":9}},"line":38},"2":{"name":"(anonymous_2)","decl":{"start":{"line":60,"column":16},"end":{"line":60,"column":17}},"loc":{"start":{"line":60,"column":22},"end":{"line":69,"column":9}},"line":60},"3":{"name":"(anonymous_3)","decl":{"start":{"line":74,"column":26},"end":{"line":74,"column":27}},"loc":{"start":{"line":74,"column":42},"end":{"line":149,"column":1}},"line":74},"4":{"name":"(anonymous_4)","decl":{"start":{"line":82,"column":10},"end":{"line":82,"column":11}},"loc":{"start":{"line":82,"column":16},"end":{"line":141,"column":5}},"line":82},"5":{"name":"(anonymous_5)","decl":{"start":{"line":113,"column":18},"end":{"line":113,"column":19}},"loc":{"start":{"line":113,"column":24},"end":{"line":137,"column":13}},"line":113},"6":{"name":"(anonymous_6)","decl":{"start":{"line":126,"column":26},"end":{"line":126,"column":27}},"loc":{"start":{"line":126,"column":34},"end":{"line":134,"column":17}},"line":126},"7":{"name":"(anonymous_7)","decl":{"start":{"line":142,"column":11},"end":{"line":142,"column":12}},"loc":{"start":{"line":142,"column":20},"end":{"line":147,"column":7}},"line":142},"8":{"name":"(anonymous_8)","decl":{"start":{"line":152,"column":20},"end":{"line":152,"column":21}},"loc":{"start":{"line":152,"column":36},"end":{"line":197,"column":1}},"line":152},"9":{"name":"(anonymous_9)","decl":{"start":{"line":158,"column":10},"end":{"line":158,"column":11}},"loc":{"start":{"line":158,"column":16},"end":{"line":177,"column":5}},"line":158},"10":{"name":"(anonymous_10)","decl":{"start":{"line":178,"column":11},"end":{"line":178,"column":12}},"loc":{"start":{"line":178,"column":15},"end":{"line":187,"column":5}},"line":178},"11":{"name":"(anonymous_11)","decl":{"start":{"line":189,"column":11},"end":{"line":189,"column":12}},"loc":{"start":{"line":189,"column":16},"end":{"line":196,"column":5}},"line":189},"12":{"name":"(anonymous_12)","decl":{"start":{"line":190,"column":8},"end":{"line":190,"column":9}},"loc":{"start":{"line":190,"column":13},"end":{"line":195,"column":9}},"line":190},"13":{"name":"(anonymous_13)","decl":{"start":{"line":201,"column":16},"end":{"line":201,"column":17}},"loc":{"start":{"line":201,"column":32},"end":{"line":308,"column":1}},"line":201},"14":{"name":"(anonymous_14)","decl":{"start":{"line":217,"column":10},"end":{"line":217,"column":11}},"loc":{"start":{"line":217,"column":16},"end":{"line":307,"column":5}},"line":217},"15":{"name":"(anonymous_15)","decl":{"start":{"line":225,"column":18},"end":{"line":225,"column":19}},"loc":{"start":{"line":225,"column":24},"end":{"line":270,"column":13}},"line":225},"16":{"name":"(anonymous_16)","decl":{"start":{"line":234,"column":30},"end":{"line":234,"column":31}},"loc":{"start":{"line":234,"column":34},"end":{"line":248,"column":25}},"line":234},"17":{"name":"(anonymous_17)","decl":{"start":{"line":253,"column":30},"end":{"line":253,"column":31}},"loc":{"start":{"line":253,"column":34},"end":{"line":267,"column":25}},"line":253},"18":{"name":"(anonymous_18)","decl":{"start":{"line":278,"column":22},"end":{"line":278,"column":23}},"loc":{"start":{"line":278,"column":33},"end":{"line":296,"column":17}},"line":278},"19":{"name":"(anonymous_19)","decl":{"start":{"line":298,"column":15},"end":{"line":298,"column":16}},"loc":{"start":{"line":298,"column":20},"end":{"line":305,"column":13}},"line":298},"20":{"name":"(anonymous_20)","decl":{"start":{"line":299,"column":12},"end":{"line":299,"column":13}},"loc":{"start":{"line":299,"column":17},"end":{"line":304,"column":17}},"line":299},"21":{"name":"(anonymous_21)","decl":{"start":{"line":310,"column":24},"end":{"line":310,"column":25}},"loc":{"start":{"line":310,"column":40},"end":{"line":354,"column":1}},"line":310},"22":{"name":"(anonymous_22)","decl":{"start":{"line":317,"column":14},"end":{"line":317,"column":15}},"loc":{"start":{"line":317,"column":20},"end":{"line":335,"column":5}},"line":317},"23":{"name":"(anonymous_23)","decl":{"start":{"line":337,"column":14},"end":{"line":337,"column":15}},"loc":{"start":{"line":337,"column":22},"end":{"line":347,"column":9}},"line":337},"24":{"name":"(anonymous_24)","decl":{"start":{"line":348,"column":15},"end":{"line":348,"column":16}},"loc":{"start":{"line":348,"column":20},"end":{"line":353,"column":9}},"line":348},"25":{"name":"(anonymous_25)","decl":{"start":{"line":357,"column":31},"end":{"line":357,"column":32}},"loc":{"start":{"line":357,"column":47},"end":{"line":391,"column":1}},"line":357},"26":{"name":"(anonymous_26)","decl":{"start":{"line":363,"column":10},"end":{"line":363,"column":11}},"loc":{"start":{"line":363,"column":16},"end":{"line":384,"column":5}},"line":363},"27":{"name":"(anonymous_27)","decl":{"start":{"line":377,"column":18},"end":{"line":377,"column":19}},"loc":{"start":{"line":377,"column":27},"end":{"line":380,"column":13}},"line":377},"28":{"name":"(anonymous_28)","decl":{"start":{"line":385,"column":11},"end":{"line":385,"column":12}},"loc":{"start":{"line":385,"column":16},"end":{"line":390,"column":5}},"line":385},"29":{"name":"(anonymous_29)","decl":{"start":{"line":396,"column":22},"end":{"line":396,"column":23}},"loc":{"start":{"line":396,"column":38},"end":{"line":445,"column":1}},"line":396},"30":{"name":"(anonymous_30)","decl":{"start":{"line":403,"column":10},"end":{"line":403,"column":11}},"loc":{"start":{"line":403,"column":16},"end":{"line":437,"column":2}},"line":403},"31":{"name":"(anonymous_31)","decl":{"start":{"line":421,"column":22},"end":{"line":421,"column":23}},"loc":{"start":{"line":421,"column":38},"end":{"line":424,"column":17}},"line":421},"32":{"name":"(anonymous_32)","decl":{"start":{"line":426,"column":22},"end":{"line":426,"column":23}},"loc":{"start":{"line":426,"column":30},"end":{"line":429,"column":13}},"line":426},"33":{"name":"(anonymous_33)","decl":{"start":{"line":438,"column":11},"end":{"line":438,"column":12}},"loc":{"start":{"line":438,"column":16},"end":{"line":443,"column":5}},"line":438}},"branchMap":{"0":{"loc":{"start":{"line":28,"column":4},"end":{"line":35,"column":5}},"type":"if","locations":[{"start":{"line":28,"column":4},"end":{"line":35,"column":5}},{"start":{},"end":{}}],"line":28},"1":{"loc":{"start":{"line":83,"column":8},"end":{"line":95,"column":9}},"type":"if","locations":[{"start":{"line":83,"column":8},"end":{"line":95,"column":9}},{"start":{},"end":{}}],"line":83},"2":{"loc":{"start":{"line":98,"column":8},"end":{"line":138,"column":9}},"type":"if","locations":[{"start":{"line":98,"column":8},"end":{"line":138,"column":9}},{"start":{"line":110,"column":12},"end":{"line":138,"column":9}}],"line":98},"3":{"loc":{"start":{"line":143,"column":8},"end":{"line":145,"column":9}},"type":"if","locations":[{"start":{"line":143,"column":8},"end":{"line":145,"column":9}},{"start":{},"end":{}}],"line":143},"4":{"loc":{"start":{"line":159,"column":8},"end":{"line":170,"column":9}},"type":"if","locations":[{"start":{"line":159,"column":8},"end":{"line":170,"column":9}},{"start":{},"end":{}}],"line":159},"5":{"loc":{"start":{"line":191,"column":12},"end":{"line":193,"column":15}},"type":"if","locations":[{"start":{"line":191,"column":12},"end":{"line":193,"column":15}},{"start":{},"end":{}}],"line":191},"6":{"loc":{"start":{"line":207,"column":4},"end":{"line":214,"column":5}},"type":"if","locations":[{"start":{"line":207,"column":4},"end":{"line":214,"column":5}},{"start":{},"end":{}}],"line":207},"7":{"loc":{"start":{"line":219,"column":8},"end":{"line":306,"column":9}},"type":"if","locations":[{"start":{"line":219,"column":8},"end":{"line":306,"column":9}},{"start":{"line":274,"column":13},"end":{"line":306,"column":9}}],"line":219},"8":{"loc":{"start":{"line":227,"column":20},"end":{"line":268,"column":21}},"type":"if","locations":[{"start":{"line":227,"column":20},"end":{"line":268,"column":21}},{"start":{"line":250,"column":24},"end":{"line":268,"column":21}}],"line":227},"9":{"loc":{"start":{"line":280,"column":20},"end":{"line":294,"column":21}},"type":"if","locations":[{"start":{"line":280,"column":20},"end":{"line":294,"column":21}},{"start":{"line":292,"column":25},"end":{"line":294,"column":21}}],"line":280},"10":{"loc":{"start":{"line":300,"column":16},"end":{"line":302,"column":17}},"type":"if","locations":[{"start":{"line":300,"column":16},"end":{"line":302,"column":17}},{"start":{},"end":{}}],"line":300},"11":{"loc":{"start":{"line":318,"column":8},"end":{"line":334,"column":9}},"type":"if","locations":[{"start":{"line":318,"column":8},"end":{"line":334,"column":9}},{"start":{"line":328,"column":12},"end":{"line":334,"column":9}}],"line":318},"12":{"loc":{"start":{"line":349,"column":12},"end":{"line":351,"column":15}},"type":"if","locations":[{"start":{"line":349,"column":12},"end":{"line":351,"column":15}},{"start":{},"end":{}}],"line":349},"13":{"loc":{"start":{"line":364,"column":8},"end":{"line":373,"column":9}},"type":"if","locations":[{"start":{"line":364,"column":8},"end":{"line":373,"column":9}},{"start":{},"end":{}}],"line":364},"14":{"loc":{"start":{"line":375,"column":9},"end":{"line":383,"column":79}},"type":"if","locations":[{"start":{"line":375,"column":9},"end":{"line":383,"column":79}},{"start":{"line":383,"column":13},"end":{"line":383,"column":79}}],"line":375},"15":{"loc":{"start":{"line":386,"column":8},"end":{"line":388,"column":11}},"type":"if","locations":[{"start":{"line":386,"column":8},"end":{"line":388,"column":11}},{"start":{},"end":{}}],"line":386},"16":{"loc":{"start":{"line":405,"column":8},"end":{"line":416,"column":9}},"type":"if","locations":[{"start":{"line":405,"column":8},"end":{"line":416,"column":9}},{"start":{},"end":{}}],"line":405},"17":{"loc":{"start":{"line":417,"column":8},"end":{"line":435,"column":9}},"type":"if","locations":[{"start":{"line":417,"column":8},"end":{"line":435,"column":9}},{"start":{"line":432,"column":13},"end":{"line":435,"column":9}}],"line":417},"18":{"loc":{"start":{"line":439,"column":8},"end":{"line":441,"column":11}},"type":"if","locations":[{"start":{"line":439,"column":8},"end":{"line":441,"column":11}},{"start":{},"end":{}}],"line":439}},"s":{"0":4,"1":4,"2":4,"3":4,"4":4,"5":4,"6":4,"7":4,"8":4,"9":4,"10":2,"11":2,"12":2,"13":2,"14":2,"15":2,"16":2,"17":1,"18":1,"19":1,"20":1,"21":1,"22":1,"23":1,"24":1,"25":1,"26":1,"27":1,"28":1,"29":1,"30":1,"31":1,"32":1,"33":1,"34":4,"35":0,"36":0,"37":0,"38":0,"39":0,"40":0,"41":0,"42":0,"43":0,"44":0,"45":0,"46":0,"47":0,"48":0,"49":0,"50":0,"51":0,"52":0,"53":0,"54":0,"55":0,"56":0,"57":0,"58":0,"59":0,"60":0,"61":4,"62":0,"63":0,"64":0,"65":0,"66":0,"67":0,"68":0,"69":0,"70":0,"71":0,"72":0,"73":0,"74":0,"75":0,"76":0,"77":0,"78":0,"79":0,"80":0,"81":0,"82":0,"83":4,"84":2,"85":2,"86":2,"87":2,"88":1,"89":1,"90":1,"91":1,"92":1,"93":1,"94":1,"95":1,"96":0,"97":0,"98":0,"99":0,"100":0,"101":0,"102":0,"103":0,"104":0,"105":0,"106":0,"107":0,"108":0,"109":0,"110":0,"111":1,"112":1,"113":0,"114":0,"115":0,"116":1,"117":0,"118":0,"119":0,"120":0,"121":4,"122":0,"123":0,"124":0,"125":0,"126":0,"127":0,"128":0,"129":0,"130":0,"131":0,"132":0,"133":0,"134":0,"135":0,"136":0,"137":0,"138":0,"139":0,"140":0,"141":4,"142":0,"143":0,"144":0,"145":0,"146":0,"147":0,"148":0,"149":0,"150":0,"151":0,"152":0,"153":0,"154":0,"155":0,"156":0,"157":0,"158":0,"159":0,"160":0,"161":0,"162":4,"163":0,"164":0,"165":0,"166":0,"167":0,"168":0,"169":0,"170":0,"171":0,"172":0,"173":0,"174":0,"175":0,"176":0,"177":0,"178":0,"179":0,"180":0,"181":0,"182":0,"183":0,"184":0,"185":0,"186":0},"f":{"0":2,"1":1,"2":1,"3":0,"4":0,"5":0,"6":0,"7":0,"8":0,"9":0,"10":0,"11":0,"12":0,"13":2,"14":1,"15":0,"16":0,"17":0,"18":1,"19":0,"20":0,"21":0,"22":0,"23":0,"24":0,"25":0,"26":0,"27":0,"28":0,"29":0,"30":0,"31":0,"32":0,"33":0},"b":{"0":[1,1],"1":[0,0],"2":[0,0],"3":[0,0],"4":[0,0],"5":[0,0],"6":[1,1],"7":[0,1],"8":[0,0],"9":[0,1],"10":[0,0],"11":[0,0],"12":[0,0],"13":[0,0],"14":[0,0],"15":[0,0],"16":[0,0],"17":[0,0],"18":[0,0]},"_coverageSchema":"1a1c01bbd47fc00a2c39e90264f33305004495a9","hash":"8f1ec0115c17c0677071d28bac9ec830977fe115"}
,"/Users/mohamed/Documents/HomeWork/MERN/Coursera-Clone/Backend/controllers/coursepage.js": {"path":"/Users/mohamed/Documents/HomeWork/MERN/Coursera-Clone/Backend/controllers/coursepage.js","statementMap":{"0":{"start":{"line":1,"column":15},"end":{"line":1,"column":42}},"1":{"start":{"line":2,"column":13},"end":{"line":2,"column":37}},"2":{"start":{"line":3,"column":20},"end":{"line":3,"column":37}},"3":{"start":{"line":4,"column":11},"end":{"line":4,"column":24}},"4":{"start":{"line":5,"column":12},"end":{"line":5,"column":27}},"5":{"start":{"line":7,"column":0},"end":{"line":18,"column":1}},"6":{"start":{"line":9,"column":19},"end":{"line":9,"column":38}},"7":{"start":{"line":10,"column":4},"end":{"line":17,"column":6}},"8":{"start":{"line":12,"column":8},"end":{"line":12,"column":45}},"9":{"start":{"line":15,"column":8},"end":{"line":15,"column":24}},"10":{"start":{"line":16,"column":8},"end":{"line":16,"column":14}},"11":{"start":{"line":20,"column":0},"end":{"line":70,"column":1}},"12":{"start":{"line":22,"column":19},"end":{"line":22,"column":38}},"13":{"start":{"line":24,"column":19},"end":{"line":24,"column":35}},"14":{"start":{"line":26,"column":4},"end":{"line":68,"column":6}},"15":{"start":{"line":28,"column":8},"end":{"line":35,"column":9}},"16":{"start":{"line":29,"column":12},"end":{"line":29,"column":41}},"17":{"start":{"line":30,"column":12},"end":{"line":30,"column":53}},"18":{"start":{"line":33,"column":12},"end":{"line":33,"column":68}},"19":{"start":{"line":34,"column":12},"end":{"line":34,"column":53}},"20":{"start":{"line":36,"column":8},"end":{"line":60,"column":10}},"21":{"start":{"line":38,"column":12},"end":{"line":58,"column":14}},"22":{"start":{"line":40,"column":16},"end":{"line":47,"column":17}},"23":{"start":{"line":41,"column":20},"end":{"line":41,"column":49}},"24":{"start":{"line":42,"column":20},"end":{"line":42,"column":56}},"25":{"start":{"line":45,"column":20},"end":{"line":45,"column":78}},"26":{"start":{"line":46,"column":20},"end":{"line":46,"column":74}},"27":{"start":{"line":48,"column":16},"end":{"line":52,"column":18}},"28":{"start":{"line":50,"column":20},"end":{"line":50,"column":61}},"29":{"start":{"line":51,"column":20},"end":{"line":51,"column":90}},"30":{"start":{"line":53,"column":16},"end":{"line":53,"column":33}},"31":{"start":{"line":56,"column":16},"end":{"line":56,"column":33}},"32":{"start":{"line":57,"column":16},"end":{"line":57,"column":64}},"33":{"start":{"line":67,"column":8},"end":{"line":67,"column":18}},"34":{"start":{"line":72,"column":0},"end":{"line":87,"column":1}},"35":{"start":{"line":73,"column":19},"end":{"line":73,"column":36}},"36":{"start":{"line":74,"column":4},"end":{"line":74,"column":23}},"37":{"start":{"line":76,"column":4},"end":{"line":86,"column":6}},"38":{"start":{"line":80,"column":8},"end":{"line":80,"column":27}},"39":{"start":{"line":81,"column":8},"end":{"line":81,"column":33}},"40":{"start":{"line":84,"column":8},"end":{"line":84,"column":24}},"41":{"start":{"line":85,"column":8},"end":{"line":85,"column":14}},"42":{"start":{"line":89,"column":0},"end":{"line":118,"column":1}},"43":{"start":{"line":90,"column":18},"end":{"line":90,"column":33}},"44":{"start":{"line":91,"column":19},"end":{"line":91,"column":30}},"45":{"start":{"line":93,"column":4},"end":{"line":115,"column":6}},"46":{"start":{"line":95,"column":8},"end":{"line":95,"column":64}},"47":{"start":{"line":96,"column":8},"end":{"line":110,"column":10}},"48":{"start":{"line":98,"column":12},"end":{"line":109,"column":14}},"49":{"start":{"line":100,"column":16},"end":{"line":100,"column":74}},"50":{"start":{"line":101,"column":16},"end":{"line":104,"column":18}},"51":{"start":{"line":103,"column":20},"end":{"line":103,"column":79}},"52":{"start":{"line":107,"column":16},"end":{"line":107,"column":32}},"53":{"start":{"line":108,"column":16},"end":{"line":108,"column":22}},"54":{"start":{"line":114,"column":8},"end":{"line":114,"column":24}},"55":{"start":{"line":120,"column":0},"end":{"line":141,"column":1}},"56":{"start":{"line":121,"column":19},"end":{"line":121,"column":36}},"57":{"start":{"line":122,"column":21},"end":{"line":122,"column":36}},"58":{"start":{"line":124,"column":4},"end":{"line":139,"column":6}},"59":{"start":{"line":126,"column":27},"end":{"line":126,"column":61}},"60":{"start":{"line":127,"column":30},"end":{"line":127,"column":58}},"61":{"start":{"line":128,"column":8},"end":{"line":128,"column":38}},"62":{"start":{"line":129,"column":8},"end":{"line":129,"column":44}},"63":{"start":{"line":130,"column":8},"end":{"line":130,"column":64}},"64":{"start":{"line":132,"column":8},"end":{"line":132,"column":22}},"65":{"start":{"line":133,"column":8},"end":{"line":133,"column":27}},"66":{"start":{"line":134,"column":8},"end":{"line":134,"column":45}},"67":{"start":{"line":137,"column":8},"end":{"line":137,"column":25}},"68":{"start":{"line":138,"column":8},"end":{"line":138,"column":15}},"69":{"start":{"line":146,"column":0},"end":{"line":199,"column":1}},"70":{"start":{"line":147,"column":19},"end":{"line":147,"column":38}},"71":{"start":{"line":149,"column":4},"end":{"line":196,"column":6}},"72":{"start":{"line":151,"column":8},"end":{"line":153,"column":9}},"73":{"start":{"line":152,"column":12},"end":{"line":152,"column":67}},"74":{"start":{"line":155,"column":18},"end":{"line":155,"column":44}},"75":{"start":{"line":156,"column":20},"end":{"line":156,"column":47}},"76":{"start":{"line":157,"column":19},"end":{"line":157,"column":36}},"77":{"start":{"line":159,"column":4},"end":{"line":159,"column":53}},"78":{"start":{"line":160,"column":4},"end":{"line":163,"column":6}},"79":{"start":{"line":164,"column":4},"end":{"line":164,"column":47}},"80":{"start":{"line":166,"column":4},"end":{"line":166,"column":21}},"81":{"start":{"line":167,"column":4},"end":{"line":167,"column":156}},"82":{"start":{"line":168,"column":4},"end":{"line":168,"column":22}},"83":{"start":{"line":169,"column":4},"end":{"line":169,"column":73}},"84":{"start":{"line":170,"column":4},"end":{"line":170,"column":22}},"85":{"start":{"line":171,"column":4},"end":{"line":171,"column":29}},"86":{"start":{"line":172,"column":4},"end":{"line":172,"column":22}},"87":{"start":{"line":173,"column":4},"end":{"line":173,"column":69}},"88":{"start":{"line":174,"column":4},"end":{"line":174,"column":22}},"89":{"start":{"line":175,"column":4},"end":{"line":175,"column":36}},"90":{"start":{"line":176,"column":4},"end":{"line":176,"column":22}},"91":{"start":{"line":177,"column":4},"end":{"line":177,"column":64}},"92":{"start":{"line":178,"column":4},"end":{"line":178,"column":22}},"93":{"start":{"line":179,"column":4},"end":{"line":179,"column":37}},"94":{"start":{"line":180,"column":4},"end":{"line":180,"column":64}},"95":{"start":{"line":181,"column":4},"end":{"line":181,"column":67}},"96":{"start":{"line":182,"column":4},"end":{"line":182,"column":64}},"97":{"start":{"line":183,"column":4},"end":{"line":183,"column":48}},"98":{"start":{"line":184,"column":4},"end":{"line":184,"column":64}},"99":{"start":{"line":185,"column":4},"end":{"line":185,"column":46}},"100":{"start":{"line":186,"column":4},"end":{"line":186,"column":64}},"101":{"start":{"line":187,"column":4},"end":{"line":187,"column":71}},"102":{"start":{"line":188,"column":4},"end":{"line":188,"column":64}},"103":{"start":{"line":189,"column":4},"end":{"line":189,"column":46}},"104":{"start":{"line":190,"column":4},"end":{"line":190,"column":64}},"105":{"start":{"line":191,"column":4},"end":{"line":191,"column":22}},"106":{"start":{"line":192,"column":4},"end":{"line":192,"column":17}},"107":{"start":{"line":195,"column":8},"end":{"line":195,"column":24}}},"fnMap":{"0":{"name":"(anonymous_0)","decl":{"start":{"line":7,"column":21},"end":{"line":7,"column":22}},"loc":{"start":{"line":7,"column":37},"end":{"line":18,"column":1}},"line":7},"1":{"name":"(anonymous_1)","decl":{"start":{"line":11,"column":10},"end":{"line":11,"column":11}},"loc":{"start":{"line":11,"column":18},"end":{"line":13,"column":5}},"line":11},"2":{"name":"(anonymous_2)","decl":{"start":{"line":14,"column":11},"end":{"line":14,"column":12}},"loc":{"start":{"line":14,"column":16},"end":{"line":17,"column":5}},"line":14},"3":{"name":"(anonymous_3)","decl":{"start":{"line":20,"column":19},"end":{"line":20,"column":20}},"loc":{"start":{"line":20,"column":35},"end":{"line":70,"column":1}},"line":20},"4":{"name":"(anonymous_4)","decl":{"start":{"line":27,"column":10},"end":{"line":27,"column":11}},"loc":{"start":{"line":27,"column":16},"end":{"line":64,"column":5}},"line":27},"5":{"name":"(anonymous_5)","decl":{"start":{"line":37,"column":14},"end":{"line":37,"column":15}},"loc":{"start":{"line":37,"column":18},"end":{"line":60,"column":9}},"line":37},"6":{"name":"(anonymous_6)","decl":{"start":{"line":39,"column":18},"end":{"line":39,"column":19}},"loc":{"start":{"line":39,"column":26},"end":{"line":54,"column":13}},"line":39},"7":{"name":"(anonymous_7)","decl":{"start":{"line":49,"column":22},"end":{"line":49,"column":23}},"loc":{"start":{"line":49,"column":26},"end":{"line":52,"column":17}},"line":49},"8":{"name":"(anonymous_8)","decl":{"start":{"line":55,"column":19},"end":{"line":55,"column":20}},"loc":{"start":{"line":55,"column":24},"end":{"line":58,"column":13}},"line":55},"9":{"name":"(anonymous_9)","decl":{"start":{"line":65,"column":11},"end":{"line":65,"column":12}},"loc":{"start":{"line":65,"column":16},"end":{"line":68,"column":5}},"line":65},"10":{"name":"(anonymous_10)","decl":{"start":{"line":72,"column":22},"end":{"line":72,"column":23}},"loc":{"start":{"line":72,"column":38},"end":{"line":87,"column":1}},"line":72},"11":{"name":"(anonymous_11)","decl":{"start":{"line":79,"column":10},"end":{"line":79,"column":11}},"loc":{"start":{"line":79,"column":18},"end":{"line":82,"column":5}},"line":79},"12":{"name":"(anonymous_12)","decl":{"start":{"line":83,"column":11},"end":{"line":83,"column":12}},"loc":{"start":{"line":83,"column":16},"end":{"line":86,"column":5}},"line":83},"13":{"name":"(anonymous_13)","decl":{"start":{"line":89,"column":19},"end":{"line":89,"column":20}},"loc":{"start":{"line":89,"column":35},"end":{"line":118,"column":1}},"line":89},"14":{"name":"(anonymous_14)","decl":{"start":{"line":94,"column":10},"end":{"line":94,"column":11}},"loc":{"start":{"line":94,"column":16},"end":{"line":112,"column":5}},"line":94},"15":{"name":"(anonymous_15)","decl":{"start":{"line":97,"column":14},"end":{"line":97,"column":15}},"loc":{"start":{"line":97,"column":18},"end":{"line":110,"column":9}},"line":97},"16":{"name":"(anonymous_16)","decl":{"start":{"line":99,"column":18},"end":{"line":99,"column":19}},"loc":{"start":{"line":99,"column":26},"end":{"line":105,"column":13}},"line":99},"17":{"name":"(anonymous_17)","decl":{"start":{"line":102,"column":22},"end":{"line":102,"column":23}},"loc":{"start":{"line":102,"column":26},"end":{"line":104,"column":17}},"line":102},"18":{"name":"(anonymous_18)","decl":{"start":{"line":106,"column":19},"end":{"line":106,"column":20}},"loc":{"start":{"line":106,"column":24},"end":{"line":109,"column":13}},"line":106},"19":{"name":"(anonymous_19)","decl":{"start":{"line":113,"column":11},"end":{"line":113,"column":12}},"loc":{"start":{"line":113,"column":16},"end":{"line":115,"column":5}},"line":113},"20":{"name":"(anonymous_20)","decl":{"start":{"line":120,"column":15},"end":{"line":120,"column":16}},"loc":{"start":{"line":120,"column":31},"end":{"line":141,"column":1}},"line":120},"21":{"name":"(anonymous_21)","decl":{"start":{"line":125,"column":10},"end":{"line":125,"column":11}},"loc":{"start":{"line":125,"column":18},"end":{"line":135,"column":5}},"line":125},"22":{"name":"(anonymous_22)","decl":{"start":{"line":136,"column":11},"end":{"line":136,"column":12}},"loc":{"start":{"line":136,"column":16},"end":{"line":139,"column":5}},"line":136},"23":{"name":"(anonymous_23)","decl":{"start":{"line":146,"column":12},"end":{"line":146,"column":13}},"loc":{"start":{"line":146,"column":28},"end":{"line":199,"column":1}},"line":146},"24":{"name":"(anonymous_24)","decl":{"start":{"line":150,"column":10},"end":{"line":150,"column":11}},"loc":{"start":{"line":150,"column":18},"end":{"line":193,"column":5}},"line":150},"25":{"name":"(anonymous_25)","decl":{"start":{"line":194,"column":11},"end":{"line":194,"column":12}},"loc":{"start":{"line":194,"column":16},"end":{"line":196,"column":5}},"line":194}},"branchMap":{"0":{"loc":{"start":{"line":28,"column":8},"end":{"line":35,"column":9}},"type":"if","locations":[{"start":{"line":28,"column":8},"end":{"line":35,"column":9}},{"start":{"line":32,"column":12},"end":{"line":35,"column":9}}],"line":28},"1":{"loc":{"start":{"line":40,"column":16},"end":{"line":47,"column":17}},"type":"if","locations":[{"start":{"line":40,"column":16},"end":{"line":47,"column":17}},{"start":{"line":44,"column":20},"end":{"line":47,"column":17}}],"line":40},"2":{"loc":{"start":{"line":151,"column":8},"end":{"line":153,"column":9}},"type":"if","locations":[{"start":{"line":151,"column":8},"end":{"line":153,"column":9}},{"start":{},"end":{}}],"line":151}},"s":{"0":4,"1":4,"2":4,"3":4,"4":4,"5":4,"6":0,"7":0,"8":0,"9":0,"10":0,"11":4,"12":0,"13":0,"14":0,"15":0,"16":0,"17":0,"18":0,"19":0,"20":0,"21":0,"22":0,"23":0,"24":0,"25":0,"26":0,"27":0,"28":0,"29":0,"30":0,"31":0,"32":0,"33":0,"34":4,"35":0,"36":0,"37":0,"38":0,"39":0,"40":0,"41":0,"42":4,"43":0,"44":0,"45":0,"46":0,"47":0,"48":0,"49":0,"50":0,"51":0,"52":0,"53":0,"54":0,"55":4,"56":0,"57":0,"58":0,"59":0,"60":0,"61":0,"62":0,"63":0,"64":0,"65":0,"66":0,"67":0,"68":0,"69":4,"70":0,"71":0,"72":0,"73":0,"74":0,"75":0,"76":0,"77":0,"78":0,"79":0,"80":0,"81":0,"82":0,"83":0,"84":0,"85":0,"86":0,"87":0,"88":0,"89":0,"90":0,"91":0,"92":0,"93":0,"94":0,"95":0,"96":0,"97":0,"98":0,"99":0,"100":0,"101":0,"102":0,"103":0,"104":0,"105":0,"106":0,"107":0},"f":{"0":0,"1":0,"2":0,"3":0,"4":0,"5":0,"6":0,"7":0,"8":0,"9":0,"10":0,"11":0,"12":0,"13":0,"14":0,"15":0,"16":0,"17":0,"18":0,"19":0,"20":0,"21":0,"22":0,"23":0,"24":0,"25":0},"b":{"0":[0,0],"1":[0,0],"2":[0,0]},"_coverageSchema":"1a1c01bbd47fc00a2c39e90264f33305004495a9","hash":"7faf9940fb804eba5f0b24b5a7adc249be87a764"}
,"/Users/mohamed/Documents/HomeWork/MERN/Coursera-Clone/Backend/controllers/googleAuth.js": {"path":"/Users/mohamed/Documents/HomeWork/MERN/Coursera-Clone/Backend/controllers/googleAuth.js","statementMap":{"0":{"start":{"line":1,"column":15},"end":{"line":1,"column":34}},"1":{"start":{"line":2,"column":12},"end":{"line":2,"column":35}},"2":{"start":{"line":3,"column":13},"end":{"line":3,"column":37}},"3":{"start":{"line":4,"column":15},"end":{"line":4,"column":42}},"4":{"start":{"line":5,"column":23},"end":{"line":5,"column":53}},"5":{"start":{"line":8,"column":15},"end":{"line":8,"column":51}},"6":{"start":{"line":11,"column":0},"end":{"line":65,"column":1}},"7":{"start":{"line":13,"column":22},"end":{"line":13,"column":30}},"8":{"start":{"line":16,"column":4},"end":{"line":63,"column":6}},"9":{"start":{"line":18,"column":44},"end":{"line":18,"column":60}},"10":{"start":{"line":19,"column":8},"end":{"line":19,"column":38}},"11":{"start":{"line":20,"column":8},"end":{"line":59,"column":9}},"12":{"start":{"line":21,"column":26},"end":{"line":21,"column":70}},"13":{"start":{"line":22,"column":12},"end":{"line":22,"column":35}},"14":{"start":{"line":23,"column":12},"end":{"line":23,"column":58}},"15":{"start":{"line":24,"column":12},"end":{"line":24,"column":24}},"16":{"start":{"line":26,"column":13},"end":{"line":59,"column":9}},"17":{"start":{"line":27,"column":12},"end":{"line":58,"column":14}},"18":{"start":{"line":30,"column":16},"end":{"line":54,"column":17}},"19":{"start":{"line":32,"column":20},"end":{"line":49,"column":18}},"20":{"start":{"line":34,"column":44},"end":{"line":40,"column":34}},"21":{"start":{"line":41,"column":28},"end":{"line":48,"column":30}},"22":{"start":{"line":44,"column":32},"end":{"line":44,"column":96}},"23":{"start":{"line":47,"column":32},"end":{"line":47,"column":49}},"24":{"start":{"line":53,"column":20},"end":{"line":53,"column":116}},"25":{"start":{"line":57,"column":16},"end":{"line":57,"column":32}},"26":{"start":{"line":62,"column":8},"end":{"line":62,"column":24}},"27":{"start":{"line":69,"column":0},"end":{"line":114,"column":1}},"28":{"start":{"line":71,"column":22},"end":{"line":71,"column":30}},"29":{"start":{"line":74,"column":4},"end":{"line":112,"column":6}},"30":{"start":{"line":76,"column":44},"end":{"line":76,"column":60}},"31":{"start":{"line":77,"column":8},"end":{"line":77,"column":38}},"32":{"start":{"line":78,"column":8},"end":{"line":108,"column":9}},"33":{"start":{"line":79,"column":26},"end":{"line":79,"column":70}},"34":{"start":{"line":80,"column":12},"end":{"line":80,"column":35}},"35":{"start":{"line":81,"column":12},"end":{"line":81,"column":58}},"36":{"start":{"line":82,"column":12},"end":{"line":82,"column":24}},"37":{"start":{"line":84,"column":13},"end":{"line":108,"column":9}},"38":{"start":{"line":85,"column":12},"end":{"line":107,"column":14}},"39":{"start":{"line":88,"column":16},"end":{"line":103,"column":17}},"40":{"start":{"line":90,"column":20},"end":{"line":90,"column":116}},"41":{"start":{"line":94,"column":41},"end":{"line":96,"column":55}},"42":{"start":{"line":98,"column":43},"end":{"line":100,"column":61}},"43":{"start":{"line":102,"column":20},"end":{"line":102,"column":160}},"44":{"start":{"line":106,"column":16},"end":{"line":106,"column":32}},"45":{"start":{"line":111,"column":8},"end":{"line":111,"column":24}}},"fnMap":{"0":{"name":"(anonymous_0)","decl":{"start":{"line":11,"column":21},"end":{"line":11,"column":22}},"loc":{"start":{"line":11,"column":32},"end":{"line":65,"column":1}},"line":11},"1":{"name":"(anonymous_1)","decl":{"start":{"line":17,"column":10},"end":{"line":17,"column":11}},"loc":{"start":{"line":17,"column":21},"end":{"line":60,"column":5}},"line":17},"2":{"name":"(anonymous_2)","decl":{"start":{"line":28,"column":18},"end":{"line":28,"column":19}},"loc":{"start":{"line":28,"column":24},"end":{"line":55,"column":13}},"line":28},"3":{"name":"(anonymous_3)","decl":{"start":{"line":33,"column":30},"end":{"line":33,"column":31}},"loc":{"start":{"line":33,"column":46},"end":{"line":49,"column":17}},"line":33},"4":{"name":"(anonymous_4)","decl":{"start":{"line":42,"column":34},"end":{"line":42,"column":35}},"loc":{"start":{"line":42,"column":42},"end":{"line":45,"column":29}},"line":42},"5":{"name":"(anonymous_5)","decl":{"start":{"line":46,"column":35},"end":{"line":46,"column":36}},"loc":{"start":{"line":46,"column":40},"end":{"line":48,"column":29}},"line":46},"6":{"name":"(anonymous_6)","decl":{"start":{"line":56,"column":19},"end":{"line":56,"column":20}},"loc":{"start":{"line":56,"column":24},"end":{"line":58,"column":13}},"line":56},"7":{"name":"(anonymous_7)","decl":{"start":{"line":61,"column":11},"end":{"line":61,"column":12}},"loc":{"start":{"line":61,"column":16},"end":{"line":63,"column":5}},"line":61},"8":{"name":"(anonymous_8)","decl":{"start":{"line":69,"column":22},"end":{"line":69,"column":23}},"loc":{"start":{"line":69,"column":33},"end":{"line":114,"column":1}},"line":69},"9":{"name":"(anonymous_9)","decl":{"start":{"line":75,"column":10},"end":{"line":75,"column":11}},"loc":{"start":{"line":75,"column":21},"end":{"line":109,"column":5}},"line":75},"10":{"name":"(anonymous_10)","decl":{"start":{"line":86,"column":18},"end":{"line":86,"column":19}},"loc":{"start":{"line":86,"column":24},"end":{"line":104,"column":13}},"line":86},"11":{"name":"(anonymous_11)","decl":{"start":{"line":105,"column":19},"end":{"line":105,"column":20}},"loc":{"start":{"line":105,"column":24},"end":{"line":107,"column":13}},"line":105},"12":{"name":"(anonymous_12)","decl":{"start":{"line":110,"column":11},"end":{"line":110,"column":12}},"loc":{"start":{"line":110,"column":16},"end":{"line":112,"column":5}},"line":110}},"branchMap":{"0":{"loc":{"start":{"line":20,"column":8},"end":{"line":59,"column":9}},"type":"if","locations":[{"start":{"line":20,"column":8},"end":{"line":59,"column":9}},{"start":{"line":26,"column":13},"end":{"line":59,"column":9}}],"line":20},"1":{"loc":{"start":{"line":26,"column":13},"end":{"line":59,"column":9}},"type":"if","locations":[{"start":{"line":26,"column":13},"end":{"line":59,"column":9}},{"start":{},"end":{}}],"line":26},"2":{"loc":{"start":{"line":30,"column":16},"end":{"line":54,"column":17}},"type":"if","locations":[{"start":{"line":30,"column":16},"end":{"line":54,"column":17}},{"start":{"line":52,"column":20},"end":{"line":54,"column":17}}],"line":30},"3":{"loc":{"start":{"line":78,"column":8},"end":{"line":108,"column":9}},"type":"if","locations":[{"start":{"line":78,"column":8},"end":{"line":108,"column":9}},{"start":{"line":84,"column":13},"end":{"line":108,"column":9}}],"line":78},"4":{"loc":{"start":{"line":84,"column":13},"end":{"line":108,"column":9}},"type":"if","locations":[{"start":{"line":84,"column":13},"end":{"line":108,"column":9}},{"start":{},"end":{}}],"line":84},"5":{"loc":{"start":{"line":88,"column":16},"end":{"line":103,"column":17}},"type":"if","locations":[{"start":{"line":88,"column":16},"end":{"line":103,"column":17}},{"start":{"line":93,"column":20},"end":{"line":103,"column":17}}],"line":88}},"s":{"0":4,"1":4,"2":4,"3":4,"4":4,"5":4,"6":4,"7":0,"8":0,"9":0,"10":0,"11":0,"12":0,"13":0,"14":0,"15":0,"16":0,"17":0,"18":0,"19":0,"20":0,"21":0,"22":0,"23":0,"24":0,"25":0,"26":0,"27":4,"28":0,"29":0,"30":0,"31":0,"32":0,"33":0,"34":0,"35":0,"36":0,"37":0,"38":0,"39":0,"40":0,"41":0,"42":0,"43":0,"44":0,"45":0},"f":{"0":0,"1":0,"2":0,"3":0,"4":0,"5":0,"6":0,"7":0,"8":0,"9":0,"10":0,"11":0,"12":0},"b":{"0":[0,0],"1":[0,0],"2":[0,0],"3":[0,0],"4":[0,0],"5":[0,0]},"_coverageSchema":"1a1c01bbd47fc00a2c39e90264f33305004495a9","hash":"5c93d2d0b01d511ac2fb2acc6526c019f5d6e726"}
,"/Users/mohamed/Documents/HomeWork/MERN/Coursera-Clone/Backend/controllers/homepage.js": {"path":"/Users/mohamed/Documents/HomeWork/MERN/Coursera-Clone/Backend/controllers/homepage.js","statementMap":{"0":{"start":{"line":1,"column":15},"end":{"line":1,"column":42}},"1":{"start":{"line":2,"column":14},"end":{"line":2,"column":38}},"2":{"start":{"line":4,"column":0},"end":{"line":13,"column":1}},"3":{"start":{"line":5,"column":4},"end":{"line":12,"column":6}},"4":{"start":{"line":8,"column":8},"end":{"line":8,"column":45}},"5":{"start":{"line":11,"column":8},"end":{"line":11,"column":24}},"6":{"start":{"line":17,"column":0},"end":{"line":42,"column":1}},"7":{"start":{"line":18,"column":21},"end":{"line":18,"column":38}},"8":{"start":{"line":21,"column":8},"end":{"line":29,"column":10}},"9":{"start":{"line":24,"column":12},"end":{"line":24,"column":50}},"10":{"start":{"line":27,"column":12},"end":{"line":27,"column":28}},"11":{"start":{"line":28,"column":12},"end":{"line":28,"column":59}},"12":{"start":{"line":45,"column":0},"end":{"line":83,"column":1}},"13":{"start":{"line":46,"column":21},"end":{"line":46,"column":38}},"14":{"start":{"line":47,"column":4},"end":{"line":82,"column":5}},"15":{"start":{"line":48,"column":23},"end":{"line":48,"column":38}},"16":{"start":{"line":49,"column":26},"end":{"line":49,"column":28}},"17":{"start":{"line":50,"column":25},"end":{"line":50,"column":26}},"18":{"start":{"line":52,"column":8},"end":{"line":79,"column":10}},"19":{"start":{"line":58,"column":12},"end":{"line":73,"column":14}},"20":{"start":{"line":60,"column":16},"end":{"line":72,"column":18}},"21":{"start":{"line":62,"column":20},"end":{"line":62,"column":35}},"22":{"start":{"line":63,"column":20},"end":{"line":63,"column":48}},"23":{"start":{"line":65,"column":20},"end":{"line":67,"column":21}},"24":{"start":{"line":66,"column":24},"end":{"line":66,"column":66}},"25":{"start":{"line":71,"column":20},"end":{"line":71,"column":37}},"26":{"start":{"line":78,"column":12},"end":{"line":78,"column":28}},"27":{"start":{"line":87,"column":0},"end":{"line":102,"column":1}},"28":{"start":{"line":88,"column":29},"end":{"line":88,"column":46}},"29":{"start":{"line":89,"column":19},"end":{"line":89,"column":34}},"30":{"start":{"line":90,"column":4},"end":{"line":100,"column":6}},"31":{"start":{"line":92,"column":8},"end":{"line":92,"column":42}},"32":{"start":{"line":93,"column":8},"end":{"line":93,"column":20}},"33":{"start":{"line":95,"column":8},"end":{"line":95,"column":65}},"34":{"start":{"line":98,"column":8},"end":{"line":98,"column":25}},"35":{"start":{"line":99,"column":8},"end":{"line":99,"column":20}}},"fnMap":{"0":{"name":"(anonymous_0)","decl":{"start":{"line":4,"column":21},"end":{"line":4,"column":22}},"loc":{"start":{"line":4,"column":32},"end":{"line":13,"column":1}},"line":4},"1":{"name":"(anonymous_1)","decl":{"start":{"line":6,"column":10},"end":{"line":6,"column":11}},"loc":{"start":{"line":6,"column":18},"end":{"line":9,"column":5}},"line":6},"2":{"name":"(anonymous_2)","decl":{"start":{"line":10,"column":11},"end":{"line":10,"column":12}},"loc":{"start":{"line":10,"column":16},"end":{"line":12,"column":5}},"line":10},"3":{"name":"(anonymous_3)","decl":{"start":{"line":17,"column":23},"end":{"line":17,"column":24}},"loc":{"start":{"line":17,"column":34},"end":{"line":42,"column":1}},"line":17},"4":{"name":"(anonymous_4)","decl":{"start":{"line":22,"column":14},"end":{"line":22,"column":15}},"loc":{"start":{"line":22,"column":23},"end":{"line":25,"column":9}},"line":22},"5":{"name":"(anonymous_5)","decl":{"start":{"line":26,"column":15},"end":{"line":26,"column":16}},"loc":{"start":{"line":26,"column":20},"end":{"line":29,"column":9}},"line":26},"6":{"name":"(anonymous_6)","decl":{"start":{"line":45,"column":28},"end":{"line":45,"column":29}},"loc":{"start":{"line":45,"column":44},"end":{"line":83,"column":1}},"line":45},"7":{"name":"(anonymous_7)","decl":{"start":{"line":53,"column":14},"end":{"line":53,"column":15}},"loc":{"start":{"line":53,"column":20},"end":{"line":75,"column":9}},"line":53},"8":{"name":"(anonymous_8)","decl":{"start":{"line":58,"column":37},"end":{"line":58,"column":38}},"loc":{"start":{"line":58,"column":49},"end":{"line":73,"column":13}},"line":58},"9":{"name":"(anonymous_9)","decl":{"start":{"line":61,"column":22},"end":{"line":61,"column":23}},"loc":{"start":{"line":61,"column":30},"end":{"line":69,"column":17}},"line":61},"10":{"name":"(anonymous_10)","decl":{"start":{"line":70,"column":23},"end":{"line":70,"column":24}},"loc":{"start":{"line":70,"column":28},"end":{"line":72,"column":17}},"line":70},"11":{"name":"(anonymous_11)","decl":{"start":{"line":77,"column":15},"end":{"line":77,"column":16}},"loc":{"start":{"line":77,"column":20},"end":{"line":79,"column":9}},"line":77},"12":{"name":"(anonymous_12)","decl":{"start":{"line":87,"column":25},"end":{"line":87,"column":26}},"loc":{"start":{"line":87,"column":41},"end":{"line":102,"column":1}},"line":87},"13":{"name":"(anonymous_13)","decl":{"start":{"line":91,"column":10},"end":{"line":91,"column":11}},"loc":{"start":{"line":91,"column":16},"end":{"line":96,"column":5}},"line":91},"14":{"name":"(anonymous_14)","decl":{"start":{"line":97,"column":11},"end":{"line":97,"column":12}},"loc":{"start":{"line":97,"column":16},"end":{"line":100,"column":5}},"line":97}},"branchMap":{"0":{"loc":{"start":{"line":47,"column":4},"end":{"line":82,"column":5}},"type":"if","locations":[{"start":{"line":47,"column":4},"end":{"line":82,"column":5}},{"start":{},"end":{}}],"line":47},"1":{"loc":{"start":{"line":65,"column":20},"end":{"line":67,"column":21}},"type":"if","locations":[{"start":{"line":65,"column":20},"end":{"line":67,"column":21}},{"start":{},"end":{}}],"line":65}},"s":{"0":4,"1":4,"2":4,"3":1,"4":1,"5":0,"6":4,"7":2,"8":2,"9":2,"10":0,"11":0,"12":4,"13":0,"14":0,"15":0,"16":0,"17":0,"18":0,"19":0,"20":0,"21":0,"22":0,"23":0,"24":0,"25":0,"26":0,"27":4,"28":0,"29":0,"30":0,"31":0,"32":0,"33":0,"34":0,"35":0},"f":{"0":1,"1":1,"2":0,"3":2,"4":2,"5":0,"6":0,"7":0,"8":0,"9":0,"10":0,"11":0,"12":0,"13":0,"14":0},"b":{"0":[0,0],"1":[0,0]},"_coverageSchema":"1a1c01bbd47fc00a2c39e90264f33305004495a9","hash":"80764382b1a24eab6873ae5839bfb733a3a889c8"}
,"/Users/mohamed/Documents/HomeWork/MERN/Coursera-Clone/Backend/controllers/stripe.js": {"path":"/Users/mohamed/Documents/HomeWork/MERN/Coursera-Clone/Backend/controllers/stripe.js","statementMap":{"0":{"start":{"line":1,"column":14},"end":{"line":1,"column":41}},"1":{"start":{"line":2,"column":15},"end":{"line":2,"column":55}},"2":{"start":{"line":3,"column":15},"end":{"line":3,"column":42}},"3":{"start":{"line":5,"column":0},"end":{"line":14,"column":1}},"4":{"start":{"line":6,"column":21},"end":{"line":6,"column":40}},"5":{"start":{"line":7,"column":4},"end":{"line":13,"column":6}},"6":{"start":{"line":9,"column":8},"end":{"line":9,"column":45}},"7":{"start":{"line":12,"column":8},"end":{"line":12,"column":24}},"8":{"start":{"line":17,"column":0},"end":{"line":40,"column":1}},"9":{"start":{"line":19,"column":22},"end":{"line":19,"column":30}},"10":{"start":{"line":20,"column":4},"end":{"line":20,"column":27}},"11":{"start":{"line":22,"column":4},"end":{"line":39,"column":6}},"12":{"start":{"line":29,"column":8},"end":{"line":29,"column":30}},"13":{"start":{"line":30,"column":12},"end":{"line":32,"column":26}},"14":{"start":{"line":35,"column":8},"end":{"line":35,"column":25}},"15":{"start":{"line":36,"column":8},"end":{"line":38,"column":29}}},"fnMap":{"0":{"name":"(anonymous_0)","decl":{"start":{"line":5,"column":22},"end":{"line":5,"column":23}},"loc":{"start":{"line":5,"column":33},"end":{"line":14,"column":1}},"line":5},"1":{"name":"(anonymous_1)","decl":{"start":{"line":8,"column":10},"end":{"line":8,"column":11}},"loc":{"start":{"line":8,"column":18},"end":{"line":10,"column":5}},"line":8},"2":{"name":"(anonymous_2)","decl":{"start":{"line":11,"column":11},"end":{"line":11,"column":12}},"loc":{"start":{"line":11,"column":16},"end":{"line":13,"column":5}},"line":11},"3":{"name":"(anonymous_3)","decl":{"start":{"line":17,"column":22},"end":{"line":17,"column":23}},"loc":{"start":{"line":17,"column":33},"end":{"line":40,"column":1}},"line":17},"4":{"name":"(anonymous_4)","decl":{"start":{"line":28,"column":12},"end":{"line":28,"column":13}},"loc":{"start":{"line":28,"column":22},"end":{"line":32,"column":27}},"line":28},"5":{"name":"(anonymous_5)","decl":{"start":{"line":34,"column":11},"end":{"line":34,"column":12}},"loc":{"start":{"line":34,"column":16},"end":{"line":39,"column":5}},"line":34}},"branchMap":{},"s":{"0":4,"1":4,"2":4,"3":4,"4":0,"5":0,"6":0,"7":0,"8":4,"9":0,"10":0,"11":0,"12":0,"13":0,"14":0,"15":0},"f":{"0":0,"1":0,"2":0,"3":0,"4":0,"5":0},"b":{},"_coverageSchema":"1a1c01bbd47fc00a2c39e90264f33305004495a9","hash":"51c32d1536076b0da8cf79f637725fdd8e06f262"}
,"/Users/mohamed/Documents/HomeWork/MERN/Coursera-Clone/Backend/controllers/teacher.js": {"path":"/Users/mohamed/Documents/HomeWork/MERN/Coursera-Clone/Backend/controllers/teacher.js","statementMap":{"0":{"start":{"line":1,"column":15},"end":{"line":1,"column":42}},"1":{"start":{"line":3,"column":0},"end":{"line":35,"column":1}},"2":{"start":{"line":6,"column":19},"end":{"line":6,"column":32}},"3":{"start":{"line":7,"column":17},"end":{"line":7,"column":29}},"4":{"start":{"line":8,"column":90},"end":{"line":8,"column":98}},"5":{"start":{"line":10,"column":4},"end":{"line":10,"column":29}},"6":{"start":{"line":12,"column":19},"end":{"line":24,"column":6}},"7":{"start":{"line":26,"column":4},"end":{"line":33,"column":6}},"8":{"start":{"line":28,"column":8},"end":{"line":28,"column":28}},"9":{"start":{"line":29,"column":8},"end":{"line":29,"column":86}},"10":{"start":{"line":32,"column":8},"end":{"line":32,"column":25}},"11":{"start":{"line":37,"column":0},"end":{"line":66,"column":1}},"12":{"start":{"line":38,"column":21},"end":{"line":38,"column":40}},"13":{"start":{"line":39,"column":4},"end":{"line":39,"column":27}},"14":{"start":{"line":40,"column":20},"end":{"line":40,"column":29}},"15":{"start":{"line":43,"column":23},"end":{"line":43,"column":25}},"16":{"start":{"line":45,"column":4},"end":{"line":65,"column":6}},"17":{"start":{"line":48,"column":8},"end":{"line":55,"column":10}},"18":{"start":{"line":49,"column":40},"end":{"line":52,"column":13}},"19":{"start":{"line":53,"column":12},"end":{"line":53,"column":56}},"20":{"start":{"line":54,"column":12},"end":{"line":54,"column":53}},"21":{"start":{"line":56,"column":8},"end":{"line":56,"column":34}},"22":{"start":{"line":57,"column":8},"end":{"line":57,"column":41}},"23":{"start":{"line":58,"column":8},"end":{"line":61,"column":10}},"24":{"start":{"line":60,"column":12},"end":{"line":60,"column":74}},"25":{"start":{"line":64,"column":8},"end":{"line":64,"column":25}},"26":{"start":{"line":68,"column":0},"end":{"line":94,"column":1}},"27":{"start":{"line":69,"column":17},"end":{"line":69,"column":32}},"28":{"start":{"line":70,"column":18},"end":{"line":70,"column":34}},"29":{"start":{"line":71,"column":19},"end":{"line":71,"column":36}},"30":{"start":{"line":72,"column":4},"end":{"line":72,"column":25}},"31":{"start":{"line":73,"column":4},"end":{"line":93,"column":6}},"32":{"start":{"line":75,"column":8},"end":{"line":86,"column":10}},"33":{"start":{"line":76,"column":12},"end":{"line":76,"column":30}},"34":{"start":{"line":77,"column":12},"end":{"line":83,"column":13}},"35":{"start":{"line":78,"column":16},"end":{"line":80,"column":17}},"36":{"start":{"line":79,"column":20},"end":{"line":79,"column":52}},"37":{"start":{"line":81,"column":16},"end":{"line":81,"column":44}},"38":{"start":{"line":82,"column":16},"end":{"line":82,"column":29}},"39":{"start":{"line":84,"column":12},"end":{"line":84,"column":24}},"40":{"start":{"line":85,"column":12},"end":{"line":85,"column":30}},"41":{"start":{"line":87,"column":8},"end":{"line":87,"column":22}},"42":{"start":{"line":88,"column":8},"end":{"line":88,"column":40}},"43":{"start":{"line":89,"column":8},"end":{"line":89,"column":44}},"44":{"start":{"line":92,"column":8},"end":{"line":92,"column":24}},"45":{"start":{"line":96,"column":0},"end":{"line":105,"column":1}},"46":{"start":{"line":97,"column":4},"end":{"line":97,"column":29}},"47":{"start":{"line":98,"column":4},"end":{"line":104,"column":6}},"48":{"start":{"line":100,"column":8},"end":{"line":100,"column":43}},"49":{"start":{"line":103,"column":8},"end":{"line":103,"column":25}},"50":{"start":{"line":107,"column":0},"end":{"line":117,"column":1}},"51":{"start":{"line":108,"column":19},"end":{"line":108,"column":36}},"52":{"start":{"line":110,"column":4},"end":{"line":116,"column":6}},"53":{"start":{"line":112,"column":8},"end":{"line":112,"column":69}},"54":{"start":{"line":115,"column":8},"end":{"line":115,"column":24}},"55":{"start":{"line":120,"column":0},"end":{"line":130,"column":1}},"56":{"start":{"line":121,"column":22},"end":{"line":121,"column":39}},"57":{"start":{"line":123,"column":4},"end":{"line":129,"column":6}},"58":{"start":{"line":125,"column":8},"end":{"line":125,"column":38}},"59":{"start":{"line":128,"column":8},"end":{"line":128,"column":24}},"60":{"start":{"line":132,"column":0},"end":{"line":169,"column":1}},"61":{"start":{"line":133,"column":6},"end":{"line":133,"column":27}},"62":{"start":{"line":134,"column":20},"end":{"line":134,"column":37}},"63":{"start":{"line":135,"column":17},"end":{"line":135,"column":31}},"64":{"start":{"line":136,"column":20},"end":{"line":136,"column":37}},"65":{"start":{"line":137,"column":20},"end":{"line":137,"column":33}},"66":{"start":{"line":138,"column":16},"end":{"line":138,"column":29}},"67":{"start":{"line":139,"column":21},"end":{"line":139,"column":39}},"68":{"start":{"line":140,"column":23},"end":{"line":140,"column":43}},"69":{"start":{"line":141,"column":27},"end":{"line":141,"column":51}},"70":{"start":{"line":142,"column":23},"end":{"line":142,"column":43}},"71":{"start":{"line":143,"column":19},"end":{"line":143,"column":33}},"72":{"start":{"line":146,"column":5},"end":{"line":165,"column":7}},"73":{"start":{"line":148,"column":9},"end":{"line":148,"column":28}},"74":{"start":{"line":149,"column":9},"end":{"line":149,"column
[...]
,"loc":{"start":{"line":63,"column":16},"end":{"line":65,"column":5}},"line":63},"8":{"name":"(anonymous_8)","decl":{"start":{"line":68,"column":25},"end":{"line":68,"column":26}},"loc":{"start":{"line":68,"column":41},"end":{"line":94,"column":1}},"line":68},"9":{"name":"(anonymous_9)","decl":{"start":{"line":74,"column":10},"end":{"line":74,"column":11}},"loc":{"start":{"line":74,"column":18},"end":{"line":90,"column":5}},"line":74},"10":{"name":"(anonymous_10)","decl":{"start":{"line":75,"column":34},"end":{"line":75,"column":35}},"loc":{"start":{"line":75,"column":41},"end":{"line":86,"column":9}},"line":75},"11":{"name":"(anonymous_11)","decl":{"start":{"line":91,"column":11},"end":{"line":91,"column":12}},"loc":{"start":{"line":91,"column":16},"end":{"line":93,"column":5}},"line":91},"12":{"name":"(anonymous_12)","decl":{"start":{"line":96,"column":21},"end":{"line":96,"column":22}},"loc":{"start":{"line":96,"column":37},"end":{"line":105,"column":1}},"line":96},"13":{"name":"(anonymous_13)","decl":{"start":{"line":99,"column":10},"end":{"line":99,"column":11}},"loc":{"start":{"line":99,"column":18},"end":{"line":101,"column":5}},"line":99},"14":{"name":"(anonymous_14)","decl":{"start":{"line":102,"column":11},"end":{"line":102,"column":12}},"loc":{"start":{"line":102,"column":16},"end":{"line":104,"column":5}},"line":102},"15":{"name":"(anonymous_15)","decl":{"start":{"line":107,"column":21},"end":{"line":107,"column":22}},"loc":{"start":{"line":107,"column":37},"end":{"line":117,"column":1}},"line":107},"16":{"name":"(anonymous_16)","decl":{"start":{"line":111,"column":10},"end":{"line":111,"column":11}},"loc":{"start":{"line":111,"column":18},"end":{"line":113,"column":5}},"line":111},"17":{"name":"(anonymous_17)","decl":{"start":{"line":114,"column":11},"end":{"line":114,"column":12}},"loc":{"start":{"line":114,"column":16},"end":{"line":116,"column":5}},"line":114},"18":{"name":"(anonymous_18)","decl":{"start":{"line":120,"column":21},"end":{"line":120,"column":22}},"loc":{"start":{"line":120,"column":37},"end":{"line":130,"column":1}},"line":120},"19":{"name":"(anonymous_19)","decl":{"start":{"line":124,"column":10},"end":{"line":124,"column":11}},"loc":{"start":{"line":124,"column":18},"end":{"line":126,"column":5}},"line":124},"20":{"name":"(anonymous_20)","decl":{"start":{"line":127,"column":11},"end":{"line":127,"column":12}},"loc":{"start":{"line":127,"column":16},"end":{"line":129,"column":5}},"line":127},"21":{"name":"(anonymous_21)","decl":{"start":{"line":132,"column":21},"end":{"line":132,"column":22}},"loc":{"start":{"line":132,"column":37},"end":{"line":169,"column":1}},"line":132},"22":{"name":"(anonymous_22)","decl":{"start":{"line":147,"column":11},"end":{"line":147,"column":12}},"loc":{"start":{"line":147,"column":19},"end":{"line":162,"column":6}},"line":147},"23":{"name":"(anonymous_23)","decl":{"start":{"line":163,"column":12},"end":{"line":163,"column":13}},"loc":{"start":{"line":163,"column":17},"end":{"line":165,"column":6}},"line":163}},"branchMap":{"0":{"loc":{"start":{"line":77,"column":12},"end":{"line":83,"column":13}},"type":"if","locations":[{"start":{"line":77,"column":12},"end":{"line":83,"column":13}},{"start":{},"end":{}}],"line":77},"1":{"loc":{"start":{"line":78,"column":16},"end":{"line":80,"column":17}},"type":"if","locations":[{"start":{"line":78,"column":16},"end":{"line":80,"column":17}},{"start":{},"end":{}}],"line":78}},"s":{"0":4,"1":4,"2":0,"3":0,"4":0,"5":0,"6":0,"7":0,"8":0,"9":0,"10":0,"11":4,"12":0,"13":0,"14":0,"15":0,"16":0,"17":0,"18":0,"19":0,"20":0,"21":0,"22":0,"23":0,"24":0,"25":0,"26":4,"27":0,"28":0,"29":0,"30":0,"31":0,"32":0,"33":0,"34":0,"35":0,"36":0,"37":0,"38":0,"39":0,"40":0,"41":0,"42":0,"43":0,"44":0,"45":4,"46":0,"47":0,"48":0,"49":0,"50":4,"51":0,"52":0,"53":0,"54":0,"55":4,"56":0,"57":0,"58":0,"59":0,"60":4,"61":0,"62":0,"63":0,"64":0,"65":0,"66":0,"67":0,"68":0,"69":0,"70":0,"71":0,"72":0,"73":0,"74":0,"75":0,"76":0,"77":0,"78":0,"79":0,"80":0,"81":0,"82":0,"83":0,"84":0},"f":{"0":0,"1":0,"2":0,"3":0,"4":0,"5":0,"6":0,"7":0,"8":0,"9":0,"10":0,"11":0,"12":0,"13":0,"14":0,"15":0,"16":0,"17":0,"18":0,"19":0,"20":0,"21":0,"22":0,"23":0},"b":{"0":[0,0],"1":[0,0]},"_coverageSchema":"1a1c01bbd47fc00a2c39e90264f33305004495a9","hash":"6e0eafd2d2e18f1f0314decbde736f0d2efe4da3"}
,"/Users/mohamed/Documents/HomeWork/MERN/Coursera-Clone/Backend/model/courses.js": {"path":"/Users/mohamed/Documents/HomeWork/MERN/Coursera-Clone/Backend/model/courses.js","statementMap":{"0":{"start":{"line":1,"column":17},"end":{"line":1,"column":36}},"1":{"start":{"line":2,"column":15},"end":{"line":2,"column":30}},"2":{"start":{"line":4,"column":21},"end":{"line":85,"column":1}},"3":{"start":{"line":87,"column":0},"end":{"line":87,"column":55}}},"fnMap":{},"branchMap":{},"s":{"0":4,"1":4,"2":4,"3":4},"f":{},"b":{},"_coverageSchema":"1a1c01bbd47fc00a2c39e90264f33305004495a9","hash":"293ca161b09bc858cfb71a1aaefef847e070ecf3"}
,"/Users/mohamed/Documents/HomeWork/MERN/Coursera-Clone/Backend/model/otp.js": {"path":"/Users/mohamed/Documents/HomeWork/MERN/Coursera-Clone/Backend/model/otp.js","statementMap":{"0":{"start":{"line":1,"column":17},"end":{"line":1,"column":36}},"1":{"start":{"line":2,"column":15},"end":{"line":2,"column":30}},"2":{"start":{"line":4,"column":17},"end":{"line":19,"column":2}},"3":{"start":{"line":21,"column":0},"end":{"line":21,"column":48}}},"fnMap":{},"branchMap":{},"s":{"0":4,"1":4,"2":4,"3":4},"f":{},"b":{},"_coverageSchema":"1a1c01bbd47fc00a2c39e90264f33305004495a9","hash":"2d34c428ba648cd7fea90286edd5ef4d450ca606"}
,"/Users/mohamed/Documents/HomeWork/MERN/Coursera-Clone/Backend/model/user.js": {"path":"/Users/mohamed/Documents/HomeWork/MERN/Coursera-Clone/Backend/model/user.js","statementMap":{"0":{"start":{"line":1,"column":17},"end":{"line":1,"column":36}},"1":{"start":{"line":2,"column":15},"end":{"line":2,"column":30}},"2":{"start":{"line":4,"column":19},"end":{"line":50,"column":2}},"3":{"start":{"line":52,"column":0},"end":{"line":52,"column":51}}},"fnMap":{},"branchMap":{},"s":{"0":4,"1":4,"2":4,"3":4},"f":{},"b":{},"_coverageSchema":"1a1c01bbd47fc00a2c39e90264f33305004495a9","hash":"c6bdaf2746875053e9b3121c47e074b95b9090ea"}
,"/Users/mohamed/Documents/HomeWork/MERN/Coursera-Clone/Backend/routes/auth.js": {"path":"/Users/mohamed/Documents/HomeWork/MERN/Coursera-Clone/Backend/routes/auth.js","statementMap":{"0":{"start":{"line":1,"column":16},"end":{"line":1,"column":34}},"1":{"start":{"line":2,"column":22},"end":{"line":2,"column":52}},"2":{"start":{"line":3,"column":23},"end":{"line":3,"column":59}},"3":{"start":{"line":4,"column":16},"end":{"line":4,"column":44}},"4":{"start":{"line":5,"column":13},"end":{"line":5,"column":49}},"5":{"start":{"line":6,"column":14},"end":{"line":6,"column":30}},"6":{"start":{"line":7,"column":11},"end":{"line":7,"column":35}},"7":{"start":{"line":9,"column":0},"end":{"line":32,"column":25}},"8":{"start":{"line":15,"column":8},"end":{"line":20,"column":10}},"9":{"start":{"line":17,"column":12},"end":{"line":19,"column":13}},"10":{"start":{"line":18,"column":16},"end":{"line":18,"column":63}},"11":{"start":{"line":34,"column":0},"end":{"line":47,"column":30}},"12":{"start":{"line":40,"column":8},"end":{"line":45,"column":10}},"13":{"start":{"line":42,"column":12},"end":{"line":44,"column":13}},"14":{"start":{"line":43,"column":16},"end":{"line":43,"column":70}},"15":{"start":{"line":49,"column":0},"end":{"line":49,"column":58}},"16":{"start":{"line":50,"column":0},"end":{"line":50,"column":61}},"17":{"start":{"line":51,"column":0},"end":{"line":51,"column":58}},"18":{"start":{"line":52,"column":0},"end":{"line":52,"column":68}},"19":{"start":{"line":53,"column":0},"end":{"line":53,"column":65}},"20":{"start":{"line":57,"column":0},"end":{"line":57,"column":58}},"21":{"start":{"line":58,"column":0},"end":{"line":58,"column":60}},"22":{"start":{"line":61,"column":0},"end":{"line":61,"column":51}},"23":{"start":{"line":64,"column":0},"end":{"line":64,"column":24}}},"fnMap":{"0":{"name":"(anonymous_0)","decl":{"start":{"line":14,"column":12},"end":{"line":14,"column":13}},"loc":{"start":{"line":14,"column":27},"end":{"line":21,"column":5}},"line":14},"1":{"name":"(anonymous_1)","decl":{"start":{"line":16,"column":14},"end":{"line":16,"column":15}},"loc":{"start":{"line":16,"column":20},"end":{"line":20,"column":9}},"line":16},"2":{"name":"(anonymous_2)","decl":{"start":{"line":39,"column":12},"end":{"line":39,"column":13}},"loc":{"start":{"line":39,"column":27},"end":{"line":47,"column":5}},"line":39},"3":{"name":"(anonymous_3)","decl":{"start":{"line":41,"column":14},"end":{"line":41,"column":15}},"loc":{"start":{"line":41,"column":20},"end":{"line":45,"column":9}},"line":41}},"branchMap":{"0":{"loc":{"start":{"line":17,"column":12},"end":{"line":19,"column":13}},"type":"if","locations":[{"start":{"line":17,"column":12},"end":{"line":19,"column":13}},{"start":{},"end":{}}],"line":17},"1":{"loc":{"start":{"line":42,"column":12},"end":{"line":44,"column":13}},"type":"if","locations":[{"start":{"line":42,"column":12},"end":{"line":44,"column":13}},{"start":{},"end":{}}],"line":42}},"s":{"0":4,"1":4,"2":4,"3":4,"4":4,"5":4,"6":4,"7":4,"8":2,"9":2,"10":1,"11":4,"12":2,"13":2,"14":1,"15":4,"16":4,"17":4,"18":4,"19":4,"20":4,"21":4,"22":4,"23":4},"f":{"0":2,"1":2,"2":2,"3":2},"b":{"0":[1,1],"1":[1,1]},"_coverageSchema":"1a1c01bbd47fc00a2c39e90264f33305004495a9","hash":"241975f1b6b91bd6794481ada3e08366f1cc2c71"}
,"/Users/mohamed/Documents/HomeWork/MERN/Coursera-Clone/Backend/routes/coursepage.js": {"path":"/Users/mohamed/Documents/HomeWork/MERN/Coursera-Clone/Backend/routes/coursepage.js","statementMap":{"0":{"start":{"line":1,"column":16},"end":{"line":1,"column":34}},"1":{"start":{"line":2,"column":14},"end":{"line":2,"column":30}},"2":{"start":{"line":4,"column":24},"end":{"line":4,"column":60}},"3":{"start":{"line":5,"column":13},"end":{"line":5,"column":49}},"4":{"start":{"line":8,"column":0},"end":{"line":8,"column":92}},"5":{"start":{"line":9,"column":0},"end":{"line":9,"column":89}},"6":{"start":{"line":10,"column":0},"end":{"line":10,"column":89}},"7":{"start":{"line":11,"column":0},"end":{"line":11,"column":75}},"8":{"start":{"line":12,"column":0},"end":{"line":12,"column":66}},"9":{"start":{"line":13,"column":0},"end":{"line":13,"column":59}},"10":{"start":{"line":15,"column":0},"end":{"line":15,"column":24}}},"fnMap":{},"branchMap":{},"s":{"0":4,"1":4,"2":4,"3":4,"4":4,"5":4,"6":4,"7":4,"8":4,"9":4,"10":4},"f":{},"b":{},"_coverageSchema":"1a1c01bbd47fc00a2c39e90264f33305004495a9","hash":"270423779bfa72fab87c0e3743de07f6b5520215"}
,"/Users/mohamed/Documents/HomeWork/MERN/Coursera-Clone/Backend/routes/homepage.js": {"path":"/Users/mohamed/Documents/HomeWork/MERN/Coursera-Clone/Backend/routes/homepage.js","statementMap":{"0":{"start":{"line":1,"column":16},"end":{"line":1,"column":34}},"1":{"start":{"line":2,"column":14},"end":{"line":2,"column":30}},"2":{"start":{"line":5,"column":22},"end":{"line":5,"column":56}},"3":{"start":{"line":6,"column":13},"end":{"line":6,"column":49}},"4":{"start":{"line":8,"column":0},"end":{"line":8,"column":57}},"5":{"start":{"line":9,"column":0},"end":{"line":9,"column":56}},"6":{"start":{"line":10,"column":0},"end":{"line":10,"column":82}},"7":{"start":{"line":11,"column":0},"end":{"line":11,"column":82}},"8":{"start":{"line":15,"column":0},"end":{"line":15,"column":24}}},"fnMap":{},"branchMap":{},"s":{"0":4,"1":4,"2":4,"3":4,"4":4,"5":4,"6":4,"7":4,"8":4},"f":{},"b":{},"_coverageSchema":"1a1c01bbd47fc00a2c39e90264f33305004495a9","hash":"491ff121e876c99dff508cdae7319724f2927b33"}
,"/Users/mohamed/Documents/HomeWork/MERN/Coursera-Clone/Backend/routes/stripe.js": {"path":"/Users/mohamed/Documents/HomeWork/MERN/Coursera-Clone/Backend/routes/stripe.js","statementMap":{"0":{"start":{"line":1,"column":16},"end":{"line":1,"column":34}},"1":{"start":{"line":2,"column":14},"end":{"line":2,"column":30}},"2":{"start":{"line":3,"column":24},"end":{"line":3,"column":56}},"3":{"start":{"line":4,"column":13},"end":{"line":4,"column":49}},"4":{"start":{"line":7,"column":0},"end":{"line":7,"column":82}},"5":{"start":{"line":8,"column":0},"end":{"line":8,"column":83}},"6":{"start":{"line":10,"column":0},"end":{"line":10,"column":24}}},"fnMap":{},"branchMap":{},"s":{"0":4,"1":4,"2":4,"3":4,"4":4,"5":4,"6":4},"f":{},"b":{},"_coverageSchema":"1a1c01bbd47fc00a2c39e90264f33305004495a9","hash":"b3e327b0ab80d6f0fe0d6dd3b6ff010f9c0f3376"}
,"/Users/mohamed/Documents/HomeWork/MERN/Coursera-Clone/Backend/routes/teacher.js": {"path":"/Users/mohamed/Documents/HomeWork/MERN/Coursera-Clone/Backend/routes/teacher.js","statementMap":{"0":{"start":{"line":1,"column":16},"end":{"line":1,"column":34}},"1":{"start":{"line":2,"column":14},"end":{"line":2,"column":30}},"2":{"start":{"line":3,"column":15},"end":{"line":3,"column":32}},"3":{"start":{"line":4,"column":25},"end":{"line":4,"column":58}},"4":{"start":{"line":5,"column":13},"end":{"line":5,"column":49}},"5":{"start":{"line":8,"column":25},"end":{"line":15,"column":4}},"6":{"start":{"line":10,"column":6},"end":{"line":10,"column":24}},"7":{"start":{"line":13,"column":6},"end":{"line":13,"column":67}},"8":{"start":{"line":17,"column":24},"end":{"line":23,"column":3}},"9":{"start":{"line":18,"column":4},"end":{"line":22,"column":41}},"10":{"start":{"line":19,"column":6},"end":{"line":19,"column":20}},"11":{"start":{"line":21,"column":10},"end":{"line":21,"column":25}},"12":{"start":{"line":22,"column":10},"end":{"line":22,"column":40}},"13":{"start":{"line":27,"column":27},"end":{"line":35,"column":4}},"14":{"start":{"line":29,"column":6},"end":{"line":29,"column":24}},"15":{"start":{"line":32,"column":25},"end":{"line":32,"column":35}},"16":{"start":{"line":33,"column":6},"end":{"line":33,"column":67}},"17":{"start":{"line":37,"column":24},"end":{"line":43,"column":3}},"18":{"start":{"line":38,"column":4},"end":{"line":42,"column":41}},"19":{"start":{"line":39,"column":6},"end":{"line":39,"column":20}},"20":{"start":{"line":41,"column":10},"end":{"line":41,"column":25}},"21":{"start":{"line":42,"column":10},"end":{"line":42,"column":40}},"22":{"start":{"line":46,"column":18},"end":{"line":46,"column":95}},"23":{"start":{"line":47,"column":18},"end":{"line":47,"column":85}},"24":{"start":{"line":49,"column":0},"end":{"line":49,"column":81}},"25":{"start":{"line":50,"column":0},"end":{"line":50,"column":88}},"26":{"start":{"line":51,"column":0},"end":{"line":51,"column":83}},"27":{"start":{"line":52,"column":0},"end":{"line":52,"column":81}},"28":{"start":{"line":53,"column":0},"end":{"line":53,"column":77}},"29":{"start":{"line":54,"column":0},"end":{"line":54,"column":71}},"30":{"start":{"line":55,"column":0},"end":{"line":55,"column":62}},"31":{"start":{"line":57,"column":0},"end":{"line":57,"column":24}}},"fnMap":{"0":{"name":"(anonymous_0)","decl":{"start":{"line":9,"column":16},"end":{"line":9,"column":17}},"loc":{"start":{"line":9,"column":31},"end":{"line":11,"column":5}},"line":9},"1":{"name":"(anonymous_1)","decl":{"start":{"line":12,"column":14},"end":{"line":12,"column":15}},"loc":{"start":{"line":12,"column":29},"end":{"line":14,"column":5}},"line":12},"2":{"name":"(anonymous_2)","decl":{"start":{"line":17,"column":24},"end":{"line":17,"column":25}},"loc":{"start":{"line":17,"column":39},"end":{"line":23,"column":3}},"line":17},"3":{"name":"(anonymous_3)","decl":{"start":{"line":28,"column":16},"end":{"line":28,"column":17}},"loc":{"start":{"line":28,"column":31},"end":{"line":30,"column":5}},"line":28},"4":{"name":"(anonymous_4)","decl":{"start":{"line":31,"column":14},"end":{"line":31,"column":15}},"loc":{"start":{"line":31,"column":29},"end":{"line":34,"column":5}},"line":31},"5":{"name":"(anonymous_5)","decl":{"start":{"line":37,"column":24},"end":{"line":37,"column":25}},"loc":{"start":{"line":37,"column":39},"end":{"line":43,"column":3}},"line":37}},"branchMap":{"0":{"loc":{"start":{"line":18,"column":4},"end":{"line":22,"column":41}},"type":"if","locations":[{"start":{"line":18,"column":4},"end":{"line":22,"column":41}},{"start":{"line":21,"column":9},"end":{"line":22,"column":41}}],"line":18},"1":{"loc":{"start":{"line":18,"column":7},"end":{"line":18,"column":98}},"type":"binary-expr","locations":[{"start":{"line":18,"column":7},"end":{"line":18,"column":35}},{"start":{"line":18,"column":39},"end":{"line":18,"column":66}},{"start":{"line":18,"column":70},"end":{"line":18,"column":98}}],"line":18},"2":{"loc":{"start":{"line":38,"column":4},"end":{"line":42,"column":41}},"type":"if","locations":[{"start":{"line":38,"column":4},"end":{"line":42,"column":41}},{"start":{"line":41,"column":9},"end":{"line":42,"column":41}}],"line":38}},"s":{"0":4,"1":4,"2":4,"3":4,"4":4,"5":4,"6":0,"7":0,"8":4,"9":0,"10":0,"11":0,"12":0,"13":4,"14":0,"15":0,"16":0,"17":4,"18":0,"19":0,"20":0,"21":0,"22":4,"23":4,"24":4,"25":4,"26":4,"27":4,"28":4,"29":4,"30":4,"31":4},"f":{"0":0,"1":0,"2":0,"3":0,"4":0,"5":0},"b":{"0":[0,0],"1":[0,0,0],"2":[0,0]},"_coverageSchema":"1a1c01bbd47fc00a2c39e90264f33305004495a9","hash":"3d17ad29afb8e9238b452088bf83304f29dea4c9"}
,"/Users/mohamed/Documents/HomeWork/MERN/Coursera-Clone/Backend/tests/db.js": {"path":"/Users/mohamed/Documents/HomeWork/MERN/Coursera-Clone/Backend/tests/db.js","statementMap":{"0":{"start":{"line":2,"column":17},"end":{"line":2,"column":36}},"1":{"start":{"line":3,"column":30},"end":{"line":3,"column":62}},"2":{"start":{"line":5,"column":13},"end":{"line":5,"column":22}},"3":{"start":{"line":15,"column":0},"end":{"line":33,"column":2}},"4":{"start":{"line":16,"column":4},"end":{"line":16,"column":32}},"5":{"start":{"line":18,"column":4},"end":{"line":18,"column":46}},"6":{"start":{"line":19,"column":16},"end":{"line":19,"column":31}},"7":{"start":{"line":21,"column":25},"end":{"line":29,"column":5}},"8":{"start":{"line":31,"column":4},"end":{"line":31,"column":46}},"9":{"start":{"line":32,"column":4},"end":{"line":32,"column":36}},"10":{"start":{"line":38,"column":0},"end":{"line":45,"column":2}},"11":{"start":{"line":39,"column":4},"end":{"line":44,"column":5}},"12":{"start":{"line":41,"column":8},"end":{"line":41,"column":42}},"13":{"start":{"line":42,"column":8},"end":{"line":42,"column":28}},"14":{"start":{"line":43,"column":8},"end":{"line":43,"column":38}},"15":{"start":{"line":49,"column":0},"end":{"line":58,"column":2}},"16":{"start":{"line":50,"column":4},"end":{"line":57,"column":5}},"17":{"start":{"line":51,"column":28},"end":{"line":51,"column":59}},"18":{"start":{"line":53,"column":8},"end":{"line":56,"column":9}},"19":{"start":{"line":54,"column":31},"end":{"line":54,"column":47}},"20":{"start":{"line":55,"column":12},"end":{"line":55,"column":42}}},"fnMap":{"0":{"name":"(anonymous_0)","decl":{"start":{"line":15,"column":25},"end":{"line":15,"column":26}},"loc":{"start":{"line":15,"column":37},"end":{"line":33,"column":1}},"line":15},"1":{"name":"(anonymous_1)","decl":{"start":{"line":38,"column":31},"end":{"line":38,"column":32}},"loc":{"start":{"line":38,"column":43},"end":{"line":45,"column":1}},"line":38},"2":{"name":"(anonymous_2)","decl":{"start":{"line":49,"column":31},"end":{"line":49,"column":32}},"loc":{"start":{"line":49,"column":43},"end":{"line":58,"column":1}},"line":49}},"branchMap":{"0":{"loc":{"start":{"line":39,"column":4},"end":{"line":44,"column":5}},"type":"if","locations":[{"start":{"line":39,"column":4},"end":{"line":44,"column":5}},{"start":{},"end":{}}],"line":39},"1":{"loc":{"start":{"line":50,"column":4},"end":{"line":57,"column":5}},"type":"if","locations":[{"start":{"line":50,"column":4},"end":{"line":57,"column":5}},{"start":{},"end":{}}],"line":50}},"s":{"0":4,"1":4,"2":4,"3":4,"4":4,"5":4,"6":4,"7":4,"8":4,"9":4,"10":4,"11":4,"12":4,"13":4,"14":4,"15":4,"16":11,"17":11,"18":11,"19":33,"20":33},"f":{"0":4,"1":4,"2":11},"b":{"0":[4,0],"1":[11,0]},"_coverageSchema":"1a1c01bbd47fc00a2c39e90264f33305004495a9","hash":"5cd948430d495d23d0400e477979bca36e1b8c32"}
}
