TN:
SF:app.js
FN:34,(anonymous_0)
FN:37,(anonymous_1)
FN:44,(anonymous_2)
FN:52,(anonymous_3)
FN:88,(anonymous_4)
FN:100,(anonymous_5)
FN:105,(anonymous_6)
FN:114,(anonymous_7)
FN:122,(anonymous_8)
FN:133,(anonymous_9)
FN:146,(anonymous_10)
FN:163,(anonymous_11)
FN:167,(anonymous_12)
FNF:13
FNH:1
FNDA:0,(anonymous_0)
FNDA:0,(anonymous_1)
FNDA:0,(anonymous_2)
FNDA:0,(anonymous_3)
FNDA:0,(anonymous_4)
FNDA:0,(anonymous_5)
FNDA:0,(anonymous_6)
FNDA:0,(anonymous_7)
FNDA:0,(anonymous_8)
FNDA:0,(anonymous_9)
FNDA:13,(anonymous_10)
FNDA:0,(anonymous_11)
FNDA:0,(anonymous_12)
DA:1,4
DA:2,4
DA:3,4
DA:5,4
DA:6,4
DA:8,4
DA:9,4
DA:11,4
DA:13,4
DA:15,4
DA:16,4
DA:17,4
DA:18,4
DA:19,4
DA:23,4
DA:24,4
DA:25,4
DA:26,4
DA:34,4
DA:37,0
DA:38,0
DA:39,0
DA:40,0
DA:43,0
DA:44,0
DA:45,0
DA:46,0
DA:49,0
DA:50,0
DA:52,0
DA:53,0
DA:54,0
DA:56,0
DA:57,0
DA:58,0
DA:59,0
DA:63,0
DA:65,0
DA:66,0
DA:67,0
DA:68,0
DA:69,0
DA:73,0
DA:74,0
DA:75,0
DA:82,0
DA:83,0
DA:88,0
DA:89,0
DA:90,0
DA:92,0
DA:97,0
DA:100,0
DA:102,0
DA:104,0
DA:105,0
DA:106,0
DA:107,0
DA:109,0
DA:114,0
DA:115,0
DA:116,0
DA:118,0
DA:122,0
DA:123,0
DA:124,0
DA:125,0
DA:128,0
DA:129,0
DA:130,0
DA:133,0
DA:134,0
DA:140,4
DA:141,4
DA:142,4
DA:143,4
DA:144,4
DA:146,4
DA:147,13
DA:148,13
DA:149,13
DA:150,13
DA:154,4
DA:155,4
DA:156,4
DA:157,4
DA:158,4
DA:160,4
DA:161,0
DA:164,0
DA:165,0
DA:168,0
DA:172,4
LF:93
LH:36
BRDA:43,0,0,0
BRDA:43,0,1,0
BRDA:45,1,0,0
BRDA:45,1,1,0
BRDA:56,2,0,0
BRDA:56,2,1,0
BRDA:65,3,0,0
BRDA:65,3,1,0
BRDA:79,4,0,0
BRDA:79,4,1,0
BRDA:89,5,0,0
BRDA:89,5,1,0
BRDA:104,6,0,0
BRDA:104,6,1,0
BRDA:106,7,0,0
BRDA:106,7,1,0
BRDA:115,8,0,0
BRDA:115,8,1,0
BRDA:124,9,0,0
BRDA:124,9,1,0
BRDA:160,10,0,0
BRDA:160,10,1,4
BRF:22
BRH:1
end_of_record
TN:
SF:Authentication/is-auth.js
FN:4,(anonymous_0)
FN:45,(anonymous_1)
FN:56,(anonymous_2)
FNF:3
FNH:1
FNDA:6,(anonymous_0)
FNDA:0,(anonymous_1)
FNDA:0,(anonymous_2)
DA:1,4
DA:2,4
DA:4,4
DA:6,6
DA:9,6
DA:10,0
DA:11,0
DA:12,0
DA:16,6
DA:19,6
DA:20,6
DA:23,6
DA:24,6
DA:25,6
DA:28,0
DA:29,0
DA:30,0
DA:31,0
DA:32,0
DA:35,0
DA:36,0
DA:45,4
DA:47,0
DA:49,0
DA:50,0
DA:51,0
DA:52,0
DA:53,0
DA:56,0
DA:57,0
DA:58,0
DA:59,0
DA:60,0
DA:61,0
DA:64,0
DA:69,0
DA:73,0
LF:37
LH:12
BRDA:9,0,0,0
BRDA:9,0,1,6
BRDA:28,1,0,0
BRDA:28,1,1,0
BRDA:49,2,0,0
BRDA:49,2,1,0
BRDA:57,3,0,0
BRDA:57,3,1,0
BRF:8
BRH:1
end_of_record
TN:
SF:config/config.js
FNF:0
FNH:0
DA:2,4
DA:5,4
DA:9,4
DA:10,4
DA:12,4
DA:13,4
DA:17,4
DA:18,4
DA:19,4
DA:22,4
DA:25,4
LF:11
LH:11
BRF:0
BRH:0
end_of_record
TN:
SF:controllers/auth.js
FN:17,(anonymous_0)
FN:38,(anonymous_1)
FN:60,(anonymous_2)
FN:74,(anonymous_3)
FN:82,(anonymous_4)
FN:113,(anonymous_5)
FN:126,(anonymous_6)
FN:142,(anonymous_7)
FN:152,(anonymous_8)
FN:158,(anonymous_9)
FN:178,(anonymous_10)
FN:189,(anonymous_11)
FN:190,(anonymous_12)
FN:201,(anonymous_13)
FN:217,(anonymous_14)
FN:225,(anonymous_15)
FN:234,(anonymous_16)
FN:253,(anonymous_17)
FN:278,(anonymous_18)
FN:298,(anonymous_19)
FN:299,(anonymous_20)
FN:310,(anonymous_21)
FN:317,(anonymous_22)
FN:337,(anonymous_23)
FN:348,(anonymous_24)
FN:357,(anonymous_25)
FN:363,(anonymous_26)
FN:377,(anonymous_27)
FN:385,(anonymous_28)
FN:396,(anonymous_29)
FN:403,(anonymous_30)
FN:421,(anonymous_31)
FN:426,(anonymous_32)
FN:438,(anonymous_33)
FNF:34
FNH:6
FNDA:2,(anonymous_0)
FNDA:1,(anonymous_1)
FNDA:1,(anonymous_2)
FNDA:0,(anonymous_3)
FNDA:0,(anonymous_4)
FNDA:0,(anonymous_5)
FNDA:0,(anonymous_6)
FNDA:0,(anonymous_7)
FNDA:0,(anonymous_8)
FNDA:0,(anonymous_9)
FNDA:0,(anonymous_10)
FNDA:0,(anonymous_11)
FNDA:0,(anonymous_12)
FNDA:2,(anonymous_13)
FNDA:1,(anonymous_14)
FNDA:0,(anonymous_15)
FNDA:0,(anonymous_16)
FNDA:0,(anonymous_17)
FNDA:1,(anonymous_18)
FNDA:0,(anonymous_19)
FNDA:0,(anonymous_20)
FNDA:0,(anonymous_21)
FNDA:0,(anonymous_22)
FNDA:0,(anonymous_23)
FNDA:0,(anonymous_24)
FNDA:0,(anonymous_25)
FNDA:0,(anonymous_26)
FNDA:0,(anonymous_27)
FNDA:0,(anonymous_28)
FNDA:0,(anonymous_29)
FNDA:0,(anonymous_30)
FNDA:0,(anonymous_31)
FNDA:0,(anonymous_32)
FNDA:0,(anonymous_33)
DA:1,4
DA:2,4
DA:3,4
DA:4,4
DA:5,4
DA:6,4
DA:7,4
DA:8,4
DA:10,4
DA:17,4
DA:18,2
DA:19,2
DA:21,2
DA:23,2
DA:25,2
DA:27,2
DA:28,2
DA:29,1
DA:30,1
DA:31,1
DA:32,1
DA:33,1
DA:34,1
DA:37,1
DA:39,1
DA:46,1
DA:47,1
DA:50,1
DA:52,1
DA:57,1
DA:58,1
DA:59,1
DA:61,1
DA:68,1
DA:74,4
DA:75,0
DA:76,0
DA:79,0
DA:81,0
DA:83,0
DA:84,0
DA:85,0
DA:86,0
DA:92,0
DA:94,0
DA:98,0
DA:99,0
DA:100,0
DA:101,0
DA:102,0
DA:108,0
DA:112,0
DA:114,0
DA:116,0
DA:118,0
DA:122,0
DA:126,0
DA:127,0
DA:143,0
DA:144,0
DA:146,0
DA:152,4
DA:153,0
DA:154,0
DA:155,0
DA:157,0
DA:159,0
DA:160,0
DA:161,0
DA:162,0
DA:168,0
DA:169,0
DA:171,0
DA:173,0
DA:174,0
DA:175,0
DA:176,0
DA:179,0
DA:186,0
DA:190,0
DA:191,0
DA:192,0
DA:194,0
DA:201,4
DA:202,2
DA:203,2
DA:205,2
DA:207,2
DA:208,1
DA:209,1
DA:210,1
DA:211,1
DA:212,1
DA:213,1
DA:216,1
DA:219,1
DA:220,0
DA:222,0
DA:223,0
DA:224,0
DA:227,0
DA:228,0
DA:233,0
DA:235,0
DA:243,0
DA:244,0
DA:251,0
DA:252,0
DA:254,0
DA:262,0
DA:263,0
DA:276,1
DA:280,1
DA:281,0
DA:285,0
DA:289,0
DA:293,1
DA:299,0
DA:300,0
DA:301,0
DA:303,0
DA:310,4
DA:312,0
DA:313,0
DA:314,0
DA:316,0
DA:318,0
DA:319,0
DA:320,0
DA:321,0
DA:322,0
DA:325,0
DA:326,0
DA:329,0
DA:333,0
DA:338,0
DA:344,0
DA:345,0
DA:349,0
DA:350,0
DA:352,0
DA:357,4
DA:358,0
DA:359,0
DA:360,0
DA:362,0
DA:364,0
DA:365,0
DA:366,0
DA:367,0
DA:368,0
DA:371,0
DA:372,0
DA:375,0
DA:376,0
DA:378,0
DA:379,0
DA:381,0
DA:383,0
DA:386,0
DA:387,0
DA:389,0
DA:396,4
DA:397,0
DA:398,0
DA:399,0
DA:402,0
DA:405,0
DA:406,0
DA:407,0
DA:408,0
DA:409,0
DA:412,0
DA:415,0
DA:417,0
DA:418,0
DA:419,0
DA:420,0
DA:422,0
DA:423,0
DA:427,0
DA:428,0
DA:433,0
DA:434,0
DA:439,0
DA:440,0
DA:442,0
LF:187
LH:55
BRDA:28,0,0,1
BRDA:28,0,1,1
BRDA:83,1,0,0
BRDA:83,1,1,0
BRDA:98,2,0,0
BRDA:98,2,1,0
BRDA:143,3,0,0
BRDA:143,3,1,0
BRDA:159,4,0,0
BRDA:159,4,1,0
BRDA:191,5,0,0
BRDA:191,5,1,0
BRDA:207,6,0,1
BRDA:207,6,1,1
BRDA:219,7,0,0
BRDA:219,7,1,1
BRDA:227,8,0,0
BRDA:227,8,1,0
BRDA:280,9,0,0
BRDA:280,9,1,1
BRDA:300,10,0,0
BRDA:300,10,1,0
BRDA:318,11,0,0
BRDA:318,11,1,0
BRDA:349,12,0,0
BRDA:349,12,1,0
BRDA:364,13,0,0
BRDA:364,13,1,0
BRDA:375,14,0,0
BRDA:375,14,1,0
BRDA:386,15,0,0
BRDA:386,15,1,0
BRDA:405,16,0,0
BRDA:405,16,1,0
BRDA:417,17,0,0
BRDA:417,17,1,0
BRDA:439,18,0,0
BRDA:439,18,1,0
BRF:38
BRH:6
end_of_record
TN:
SF:controllers/coursepage.js
FN:7,(anonymous_0)
FN:11,(anonymous_1)
FN:14,(anonymous_2)
FN:20,(anonymous_3)
FN:27,(anonymous_4)
FN:37,(anonymous_5)
FN:39,(anonymous_6)
FN:49,(anonymous_7)
FN:55,(anonymous_8)
FN:65,(anonymous_9)
FN:72,(anonymous_10)
FN:79,(anonymous_11)
FN:83,(anonymous_12)
FN:89,(anonymous_13)
FN:94,(anonymous_14)
FN:97,(anonymous_15)
FN:99,(anonymous_16)
FN:102,(anonymous_17)
FN:106,(anonymous_18)
FN:113,(anonymous_19)
FN:120,(anonymous_20)
FN:125,(anonymous_21)
FN:136,(anonymous_22)
FN:146,(anonymous_23)
FN:150,(anonymous_24)
FN:194,(anonymous_25)
FNF:26
FNH:0
FNDA:0,(anonymous_0)
FNDA:0,(anonymous_1)
FNDA:0,(anonymous_2)
FNDA:0,(anonymous_3)
FNDA:0,(anonymous_4)
FNDA:0,(anonymous_5)
FNDA:0,(anonymous_6)
FNDA:0,(anonymous_7)
FNDA:0,(anonymous_8)
FNDA:0,(anonymous_9)
FNDA:0,(anonymous_10)
FNDA:0,(anonymous_11)
FNDA:0,(anonymous_12)
FNDA:0,(anonymous_13)
FNDA:0,(anonymous_14)
FNDA:0,(anonymous_15)
FNDA:0,(anonymous_16)
FNDA:0,(anonymous_17)
FNDA:0,(anonymous_18)
FNDA:0,(anonymous_19)
FNDA:0,(anonymous_20)
FNDA:0,(anonymous_21)
FNDA:0,(anonymous_22)
FNDA:0,(anonymous_23)
FNDA:0,(anonymous_24)
FNDA:0,(anonymous_25)
DA:1,4
DA:2,4
DA:3,4
DA:4,4
DA:5,4
DA:7,4
DA:9,0
DA:10,0
DA:12,0
DA:15,0
DA:16,0
DA:20,4
DA:22,0
DA:24,0
DA:26,0
DA:28,0
DA:29,0
DA:30,0
DA:33,0
DA:34,0
DA:36,0
DA:38,0
DA:40,0
DA:41,0
DA:42,0
DA:45,0
DA:46,0
DA:48,0
DA:50,0
DA:51,0
DA:53,0
DA:56,0
DA:57,0
DA:67,0
DA:72,4
DA:73,0
DA:74,0
DA:76,0
DA:80,0
DA:81,0
DA:84,0
DA:85,0
DA:89,4
DA:90,0
DA:91,0
DA:93,0
DA:95,0
DA:96,0
DA:98,0
DA:100,0
DA:101,0
DA:103,0
DA:107,0
DA:108,0
DA:114,0
DA:120,4
DA:121,0
DA:122,0
DA:124,0
DA:126,0
DA:127,0
DA:128,0
DA:129,0
DA:130,0
DA:132,0
DA:133,0
DA:134,0
DA:137,0
DA:138,0
DA:146,4
DA:147,0
DA:149,0
DA:151,0
DA:152,0
DA:155,0
DA:156,0
DA:157,0
DA:159,0
DA:160,0
DA:164,0
DA:166,0
DA:167,0
DA:168,0
DA:169,0
DA:170,0
DA:171,0
DA:172,0
DA:173,0
DA:174,0
DA:175,0
DA:176,0
DA:177,0
DA:178,0
DA:179,0
DA:180,0
DA:181,0
DA:182,0
DA:183,0
DA:184,0
DA:185,0
DA:186,0
DA:187,0
DA:188,0
DA:189,0
DA:190,0
DA:191,0
DA:192,0
DA:195,0
LF:108
LH:11
BRDA:28,0,0,0
BRDA:28,0,1,0
BRDA:40,1,0,0
BRDA:40,1,1,0
BRDA:151,2,0,0
BRDA:151,2,1,0
BRF:6
BRH:0
end_of_record
TN:
SF:controllers/googleAuth.js
FN:11,(anonymous_0)
FN:17,(anonymous_1)
FN:28,(anonymous_2)
FN:33,(anonymous_3)
FN:42,(anonymous_4)
FN:46,(anonymous_5)
FN:56,(anonymous_6)
FN:61,(anonymous_7)
FN:69,(anonymous_8)
FN:75,(anonymous_9)
FN:86,(anonymous_10)
FN:105,(anonymous_11)
FN:110,(anonymous_12)
FNF:13
FNH:0
FNDA:0,(anonymous_0)
FNDA:0,(anonymous_1)
FNDA:0,(anonymous_2)
FNDA:0,(anonymous_3)
FNDA:0,(anonymous_4)
FNDA:0,(anonymous_5)
FNDA:0,(anonymous_6)
FNDA:0,(anonymous_7)
FNDA:0,(anonymous_8)
FNDA:0,(anonymous_9)
FNDA:0,(anonymous_10)
FNDA:0,(anonymous_11)
FNDA:0,(anonymous_12)
DA:1,4
DA:2,4
DA:3,4
DA:4,4
DA:5,4
DA:8,4
DA:11,4
DA:13,0
DA:16,0
DA:18,0
DA:19,0
DA:20,0
DA:21,0
DA:22,0
DA:23,0
DA:24,0
DA:26,0
DA:27,0
DA:30,0
DA:32,0
DA:34,0
DA:41,0
DA:44,0
DA:47,0
DA:53,0
DA:57,0
DA:62,0
DA:69,4
DA:71,0
DA:74,0
DA:76,0
DA:77,0
DA:78,0
DA:79,0
DA:80,0
DA:81,0
DA:82,0
DA:84,0
DA:85,0
DA:88,0
DA:90,0
DA:94,0
DA:98,0
DA:102,0
DA:106,0
DA:111,0
LF:46
LH:8
BRDA:20,0,0,0
BRDA:20,0,1,0
BRDA:26,1,0,0
BRDA:26,1,1,0
BRDA:30,2,0,0
BRDA:30,2,1,0
BRDA:78,3,0,0
BRDA:78,3,1,0
BRDA:84,4,0,0
BRDA:84,4,1,0
BRDA:88,5,0,0
BRDA:88,5,1,0
BRF:12
BRH:0
end_of_record
TN:
SF:controllers/homepage.js
FN:4,(anonymous_0)
FN:6,(anonymous_1)
FN:10,(anonymous_2)
FN:17,(anonymous_3)
FN:22,(anonymous_4)
FN:26,(anonymous_5)
FN:45,(anonymous_6)
FN:53,(anonymous_7)
FN:58,(anonymous_8)
FN:61,(anonymous_9)
FN:70,(anonymous_10)
FN:77,(anonymous_11)
FN:87,(anonymous_12)
FN:91,(anonymous_13)
FN:97,(anonymous_14)
FNF:15
FNH:4
FNDA:1,(anonymous_0)
FNDA:1,(anonymous_1)
FNDA:0,(anonymous_2)
FNDA:2,(anonymous_3)
FNDA:2,(anonymous_4)
FNDA:0,(anonymous_5)
FNDA:0,(anonymous_6)
FNDA:0,(anonymous_7)
FNDA:0,(anonymous_8)
FNDA:0,(anonymous_9)
FNDA:0,(anonymous_10)
FNDA:0,(anonymous_11)
FNDA:0,(anonymous_12)
FNDA:0,(anonymous_13)
FNDA:0,(anonymous_14)
DA:1,4
DA:2,4
DA:4,4
DA:5,1
DA:8,1
DA:11,0
DA:17,4
DA:18,2
DA:21,2
DA:24,2
DA:27,0
DA:28,0
DA:45,4
DA:46,0
DA:47,0
DA:48,0
DA:49,0
DA:50,0
DA:52,0
DA:58,0
DA:60,0
DA:62,0
DA:63,0
DA:65,0
DA:66,0
DA:71,0
DA:78,0
DA:87,4
DA:88,0
DA:89,0
DA:90,0
DA:92,0
DA:93,0
DA:95,0
DA:98,0
DA:99,0
LF:36
LH:11
BRDA:47,0,0,0
BRDA:47,0,1,0
BRDA:65,1,0,0
BRDA:65,1,1,0
BRF:4
BRH:0
end_of_record
TN:
SF:controllers/stripe.js
FN:5,(anonymous_0)
FN:8,(anonymous_1)
FN:11,(anonymous_2)
FN:17,(anonymous_3)
FN:28,(anonymous_4)
FN:34,(anonymous_5)
FNF:6
FNH:0
FNDA:0,(anonymous_0)
FNDA:0,(anonymous_1)
FNDA:0,(anonymous_2)
FNDA:0,(anonymous_3)
FNDA:0,(anonymous_4)
FNDA:0,(anonymous_5)
DA:1,4
DA:2,4
DA:3,4
DA:5,4
DA:6,0
DA:7,0
DA:9,0
DA:12,0
DA:17,4
DA:19,0
DA:20,0
DA:22,0
DA:29,0
DA:30,0
DA:35,0
DA:36,0
LF:16
LH:5
BRF:0
BRH:0
end_of_record
TN:
SF:controllers/teacher.js
FN:3,(anonymous_0)
FN:27,(anonymous_1)
FN:31,(anonymous_2)
FN:37,(anonymous_3)
FN:46,(anonymous_4)
FN:48,(anonymous_5)
FN:59,(anonymous_6)
FN:63,(anonymous_7)
FN:68,(anonymous_8)
FN:74,(anonymous_9)
FN:75,(anonymous_10)
FN:91,(anonymous_11)
FN:96,(anonymous_12)
FN:99,(anonymous_13)
FN:102,(anonymous_14)
FN:107,(anonymous_15)
FN:111,(anonymous_16)
FN:114,(anonymous_17)
FN:120,(anonymous_18)
FN:124,(anonymous_19)
FN:127,(anonymous_20)
FN:132,(anonymous_21)
FN:147,(anonymous_22)
FN:163,(anonymous_23)
FNF:24
FNH:0
FNDA:0,(anonymous_0)
FNDA:0,(anonymous_1)
FNDA:0,(anonymous_2)
FNDA:0,(anonymous_3)
FNDA:0,(anonymous_4)
FNDA:0,(anonymous_5)
FNDA:0,(anonymous_6)
FNDA:0,(anonymous_7)
FNDA:0,(anonymous_8)
FNDA:0,(anonymous_9)
FNDA:0,(anonymous_10)
FNDA:0,(anonymous_11)
FNDA:0,(anonymous_12)
FNDA:0,(anonymous_13)
FNDA:0,(anonymous_14)
FNDA:0,(anonymous_15)
FNDA:0,(anonymous_16)
FNDA:0,(anonymous_17)
FNDA:0,(anonymous_18)
FNDA:0,(anonymous_19)
FNDA:0,(anonymous_20)
FNDA:0,(anonymous_21)
FNDA:0,(anonymous_22)
FNDA:0,(anonymous_23)
DA:1,4
DA:3,4
DA:6,0
DA:7,0
DA:8,0
DA:10,0
DA:12,0
DA:26,0
DA:28,0
DA:29,0
DA:32,0
DA:37,4
DA:38,0
DA:39,0
DA:40,0
DA:43,0
DA:45,0
DA:48,0
DA:49,0
DA:53,0
DA:54,0
DA:56,0
DA:57,0
DA:58,0
DA:60,0
DA:64,0
DA:68,4
DA:69,0
DA:70,0
DA:71,0
DA:72,0
DA:73,0
DA:75,0
DA:76,0
DA:77,0
DA:78,0
DA:79,0
DA:81,0
DA:82,0
DA:84,0
DA:85,0
DA:87,0
DA:88,0
DA:89,0
DA:92,0
DA:96,4
DA:97,0
DA:98,0
DA:100,0
DA:103,0
DA:107,4
DA:108,0
DA:110,0
DA:112,0
DA:115,0
DA:120,4
DA:121,0
DA:123,0
DA:125,0
DA:128,0
DA:132,4
DA:133,0
DA:134,0
DA:135,0
DA:136,0
DA:137,0
DA:138,0
DA:139,0
DA:140,0
DA:141,0
DA:142,0
DA:143,0
DA:146,0
DA:148,0
DA:149,0
DA:150,0
DA:151,0
DA:152,0
DA:153,0
DA:154,0
DA:155,0
DA:157,0
DA:159,0
DA:160,0
DA:164,0
LF:85
LH:8
BRDA:77,0,0,0
BRDA:77,0,1,0
BRDA:78,1,0,0
BRDA:78,1,1,0
BRF:4
BRH:0
end_of_record
TN:
SF:model/courses.js
FNF:0
FNH:0
DA:1,4
DA:2,4
DA:4,4
DA:87,4
LF:4
LH:4
BRF:0
BRH:0
end_of_record
TN:
SF:model/otp.js
FNF:0
FNH:0
DA:1,4
DA:2,4
DA:4,4
DA:21,4
LF:4
LH:4
BRF:0
BRH:0
end_of_record
TN:
SF:model/user.js
FNF:0
FNH:0
DA:1,4
DA:2,4
DA:4,4
DA:52,4
LF:4
LH:4
BRF:0
BRH:0
end_of_record
TN:
SF:routes/auth.js
FN:14,(anonymous_0)
FN:16,(anonymous_1)
FN:39,(anonymous_2)
FN:41,(anonymous_3)
FNF:4
FNH:4
FNDA:2,(anonymous_0)
FNDA:2,(anonymous_1)
FNDA:2,(anonymous_2)
FNDA:2,(anonymous_3)
DA:1,4
DA:2,4
DA:3,4
DA:4,4
DA:5,4
DA:6,4
DA:7,4
DA:9,4
DA:15,2
DA:17,2
DA:18,1
DA:34,4
DA:40,2
DA:42,2
DA:43,1
DA:49,4
DA:50,4
DA:51,4
DA:52,4
DA:53,4
DA:57,4
DA:58,4
DA:61,4
DA:64,4
LF:24
LH:24
BRDA:17,0,0,1
BRDA:17,0,1,1
BRDA:42,1,0,1
BRDA:42,1,1,1
BRF:4
BRH:4
end_of_record
TN:
SF:routes/coursepage.js
FNF:0
FNH:0
DA:1,4
DA:2,4
DA:4,4
DA:5,4
DA:8,4
DA:9,4
DA:10,4
DA:11,4
DA:12,4
DA:13,4
DA:15,4
LF:11
LH:11
BRF:0
BRH:0
end_of_record
TN:
SF:routes/homepage.js
FNF:0
FNH:0
DA:1,4
DA:2,4
DA:5,4
DA:6,4
DA:8,4
DA:9,4
DA:10,4
DA:11,4
DA:15,4
LF:9
LH:9
BRF:0
BRH:0
end_of_record
TN:
SF:routes/stripe.js
FNF:0
FNH:0
DA:1,4
DA:2,4
DA:3,4
DA:4,4
DA:7,4
DA:8,4
DA:10,4
LF:7
LH:7
BRF:0
BRH:0
end_of_record
TN:
SF:routes/teacher.js
FN:9,(anonymous_0)
FN:12,(anonymous_1)
FN:17,(anonymous_2)
FN:28,(anonymous_3)
FN:31,(anonymous_4)
FN:37,(anonymous_5)
FNF:6
FNH:0
FNDA:0,(anonymous_0)
FNDA:0,(anonymous_1)
FNDA:0,(anonymous_2)
FNDA:0,(anonymous_3)
FNDA:0,(anonymous_4)
FNDA:0,(anonymous_5)
DA:1,4
DA:2,4
DA:3,4
DA:4,4
DA:5,4
DA:8,4
DA:10,0
DA:13,0
DA:17,4
DA:18,0
DA:19,0
DA:21,0
DA:22,0
DA:27,4
DA:29,0
DA:32,0
DA:33,0
DA:37,4
DA:38,0
DA:39,0
DA:41,0
DA:42,0
DA:46,4
DA:47,4
DA:49,4
DA:50,4
DA:51,4
DA:52,4
DA:53,4
DA:54,4
DA:55,4
DA:57,4
LF:32
LH:19
BRDA:18,0,0,0
BRDA:18,0,1,0
BRDA:18,1,0,0
BRDA:18,1,1,0
BRDA:18,1,2,0
BRDA:38,2,0,0
BRDA:38,2,1,0
BRF:7
BRH:0
end_of_record
TN:
SF:tests/db.js
FN:15,(anonymous_0)
FN:38,(anonymous_1)
FN:49,(anonymous_2)
FNF:3
FNH:3
FNDA:4,(anonymous_0)
FNDA:4,(anonymous_1)
FNDA:11,(anonymous_2)
DA:2,4
DA:3,4
DA:5,4
DA:15,4
DA:16,4
DA:18,4
DA:19,4
DA:21,4
DA:31,4
DA:32,4
DA:38,4
DA:39,4
DA:41,4
DA:42,4
DA:43,4
DA:49,4
DA:50,11
DA:51,11
DA:53,11
DA:54,33
DA:55,33
LF:21
LH:21
BRDA:39,0,0,4
BRDA:39,0,1,0
BRDA:50,1,0,11
BRDA:50,1,1,0
BRF:4
BRH:2
end_of_record
